#Build: Fabric Debugger 2021.4-SP1.2, Build 96435, May 30 04:40 2022
#Install: D:\pango\PDS_2021.4-SP1.2\bin
#Application name: cdt_dbg.exe
#OS: Windows 10 10.0.19044
#Hostname: DESKTOP-HL6DT46
Generated by Fabric Debugger (version 2021.4-SP1.2 build 96435) at Wed Aug 17 09:58:15 2022
M_PROCESS_FINISH_STARTED

Import Core: 0 OK
W: Debugger-4002: Core Parse: Trigger Port bus name:rd_data exist, fail to import.
W: Debugger-4002: Core Parse: Trigger Port bus name:u_ddr_test/rd_cnt_d1 exist, fail to import.
W: Debugger-4002: Core Parse: Bus name:rd_data exist, fail to import.
W: Debugger-4002: Core Parse: Bus name:u_ddr_test/rd_cnt_d1 exist, fail to import.
Import Core: 0 OK
W: Debugger-4002: Core Parse: Trigger Port bus name:rd_data exist, fail to import.
W: Debugger-4002: Core Parse: Trigger Port bus name:u_ddr_test/rd_cnt_d1 exist, fail to import.
W: Debugger-4002: Core Parse: Bus name:rd_data exist, fail to import.
W: Debugger-4002: Core Parse: Bus name:u_ddr_test/rd_cnt_d1 exist, fail to import.
Import Core: 0 OK
W: Debugger-4002: Core Parse: Trigger Port bus name:rd_data exist, fail to import.
W: Debugger-4002: Core Parse: Trigger Port bus name:u_ddr_test/rd_cnt_d1 exist, fail to import.
W: Debugger-4002: Core Parse: Bus name:rd_data exist, fail to import.
W: Debugger-4002: Core Parse: Bus name:u_ddr_test/rd_cnt_d1 exist, fail to import.
Import Core: 0 OK
