[Debug] [2022-8-13 11:58:14] /*************************** 2022-08-13 11:58:14  Start ***************************/
[Debug] [2022-8-13 11:58:14] Path: D:/pango/PDS_2021.4-SP1.2/bin
[Debug] [2022-8-13 11:58:14] #Generated by Fabric Debugger (version 2021.4-SP1.2 build 96435) at Sat Aug 13 11:58:14 2022


[Debug] [2022-8-13 11:58:14] Main window show.
[Debug] [2022-8-13 11:58:17] Operation: Scan.
[Debug] [2022-8-13 11:58:17] Client Local host name:DESKTOP-HL6DT46
[Debug] [2022-8-13 11:58:17] Client Local Address:192.168.2.192
[Debug] [2022-8-13 11:58:17] Server Address:127.0.0.1, Port:65420
[Info] [2022-8-13 11:58:18] Connect OK, Server: 127.0.0.1  Port: 65420
[Debug] [2022-8-13 11:58:18] Finish.
[Debug] [2022-8-13 11:58:18] Send RPC: 1.
[Debug] [2022-8-13 11:58:18] Send cmd [check version information:40004] OK
[Debug] [2022-8-13 11:58:18] Send RPC: 2.
[Debug] [2022-8-13 11:58:18] Send cmd [get_cable_paras:40010] OK
[Debug] [2022-8-13 11:58:18] Send RPC: 3.
[Debug] [2022-8-13 11:58:18] Send cmd [open_cable:10001] OK
[Debug] [2022-8-13 11:58:18] COMMAND[check version information] execute successfully, takes 0.4 secs.
[Debug] [2022-8-13 11:58:19] COMMAND[get_cable_paras] execute successfully, takes 1.2 secs.
[Debug] [2022-8-13 11:58:22] COMMAND[open_cable] execute successfully, takes 3.9 secs.
[Debug] [2022-8-13 11:58:26] Operation: Program.
[Debug] [2022-8-13 11:58:26] Send RPC: 4.
[Debug] [2022-8-13 11:58:26] Send cmd [configure:10002] OK
[Debug] [2022-8-13 11:58:26] The value is 6.
[Debug] [2022-8-13 11:58:26] The value is 10.
[Debug] [2022-8-13 11:58:27] The value is 15.
[Debug] [2022-8-13 11:58:27] The value is 20.
[Debug] [2022-8-13 11:58:27] The value is 25.
[Debug] [2022-8-13 11:58:27] The value is 30.
[Debug] [2022-8-13 11:58:27] The value is 35.
[Debug] [2022-8-13 11:58:27] The value is 40.
[Debug] [2022-8-13 11:58:27] The value is 45.
[Debug] [2022-8-13 11:58:27] The value is 50.
[Debug] [2022-8-13 11:58:27] The value is 55.
[Debug] [2022-8-13 11:58:27] The value is 60.
[Debug] [2022-8-13 11:58:27] The value is 65.
[Debug] [2022-8-13 11:58:27] The value is 70.
[Debug] [2022-8-13 11:58:27] The value is 75.
[Debug] [2022-8-13 11:58:27] The value is 80.
[Debug] [2022-8-13 11:58:27] The value is 85.
[Debug] [2022-8-13 11:58:27] The value is 90.
[Debug] [2022-8-13 11:58:27] The value is 95.
[Debug] [2022-8-13 11:58:27] The value is 100.
[Debug] [2022-8-13 11:58:28] [BusValue] Opt:Add.
[Debug] [2022-8-13 11:58:28] [BusValue] Opt:Add.
[Debug] [2022-8-13 11:58:28] COMMAND[configure] execute successfully, takes 1.9 secs.
[Debug] [2022-8-13 11:58:28] Log::Print : Import Core: 0 OK
[Debug] [2022-8-13 11:58:32] Operation: Trigger.
[Debug] [2022-8-13 11:58:32] Send RPC: 5.
[Debug] [2022-8-13 11:58:32] Send cmd [run:10003] OK
[Debug] [2022-8-13 11:58:33] Operation: ZoomFit
[Debug] [2022-8-13 11:58:33] Finish.
[Debug] [2022-8-13 11:58:33] [BusValue] Opt:Flush.
[Debug] [2022-8-13 11:58:33] [BusValue] Opt:Update.
[Debug] [2022-8-13 11:58:33] COMMAND[run] execute successfully, takes 0.7 secs.
[Debug] [2022-8-13 11:58:35] Operation: Zoom in.
[Debug] [2022-8-13 11:58:35] Finish.
[Debug] [2022-8-13 11:58:35] Operation: Zoom in.
[Debug] [2022-8-13 11:58:35] Finish.
[Debug] [2022-8-13 11:58:35] Operation: Zoom in.
[Debug] [2022-8-13 11:58:35] Finish.
[Debug] [2022-8-13 11:58:35] Operation: Zoom in.
[Debug] [2022-8-13 11:58:35] Finish.
[Debug] [2022-8-13 11:58:35] Operation: Zoom in.
[Debug] [2022-8-13 11:58:35] Finish.
[Debug] [2022-8-13 11:58:35] Operation: Zoom in.
[Debug] [2022-8-13 11:58:35] Finish.
[Debug] [2022-8-13 11:58:35] Operation: Zoom in.
[Debug] [2022-8-13 11:58:35] Finish.
[Debug] [2022-8-13 11:58:41] Operation: Bus radix changed.
[Debug] [2022-8-13 11:58:41] Bus radix: Unsigned Decimal.
[Debug] [2022-8-13 11:58:41] [BusValue] Opt:Update.
[Debug] [2022-8-13 11:58:41] Finish.
[Debug] [2022-8-13 11:58:41] Bus radix: Unsigned Decimal.
[Debug] [2022-8-13 11:58:41] [BusValue] Opt:Update.
[Debug] [2022-8-13 11:58:41] Finish.
[Debug] [2022-8-13 11:58:53] Operation: Trigger.
[Debug] [2022-8-13 11:58:53] Send RPC: 6.
[Debug] [2022-8-13 11:58:53] Send cmd [run:10003] OK
[Debug] [2022-8-13 11:58:53] Operation: ZoomFit
[Debug] [2022-8-13 11:58:53] Finish.
[Debug] [2022-8-13 11:58:53] [BusValue] Opt:Flush.
[Debug] [2022-8-13 11:58:53] [BusValue] Opt:Update.
[Debug] [2022-8-13 11:58:53] COMMAND[run] execute successfully, takes 0.6 secs.
[Debug] [2022-8-13 11:58:54] Operation: ZoomOut
[Debug] [2022-8-13 11:58:54] Finish.
[Debug] [2022-8-13 11:58:54] Operation: ZoomOut
[Debug] [2022-8-13 11:58:54] Finish.
[Debug] [2022-8-13 11:58:54] Operation: ZoomOut
[Debug] [2022-8-13 11:58:54] Finish.
[Debug] [2022-8-13 11:58:54] Operation: ZoomOut
[Debug] [2022-8-13 11:58:54] Finish.
[Debug] [2022-8-13 11:58:54] Operation: ZoomOut
[Debug] [2022-8-13 11:58:54] Finish.
[Debug] [2022-8-13 11:58:54] Operation: ZoomOut
[Debug] [2022-8-13 11:58:54] Finish.
[Debug] [2022-8-13 11:58:54] Operation: ZoomOut
[Debug] [2022-8-13 11:58:54] Finish.
[Debug] [2022-8-13 11:58:54] Operation: ZoomOut
[Debug] [2022-8-13 11:58:54] Finish.
[Debug] [2022-8-13 11:58:55] Operation: ZoomOut
[Debug] [2022-8-13 11:58:55] Finish.
[Debug] [2022-8-13 11:58:55] Operation: ZoomOut
[Debug] [2022-8-13 11:58:56] Operation: Zoom in.
[Debug] [2022-8-13 11:58:56] Finish.
[Debug] [2022-8-13 11:58:56] Operation: Zoom in.
[Debug] [2022-8-13 11:58:56] Finish.
[Debug] [2022-8-13 11:58:56] Operation: Zoom in.
[Debug] [2022-8-13 11:58:56] Finish.
[Debug] [2022-8-13 11:58:56] Operation: Zoom in.
[Debug] [2022-8-13 11:58:56] Finish.
[Debug] [2022-8-13 11:58:56] Operation: Zoom in.
[Debug] [2022-8-13 11:58:56] Finish.
[Debug] [2022-8-13 11:58:57] Operation: Zoom in.
[Debug] [2022-8-13 11:58:57] Finish.
[Debug] [2022-8-13 11:58:58] Operation: Zoom in.
[Debug] [2022-8-13 11:58:58] Finish.
[Debug] [2022-8-13 11:58:58] Operation: Zoom in.
[Debug] [2022-8-13 11:58:58] Finish.
[Debug] [2022-8-13 12:04:27] Operation: Program.
[Debug] [2022-8-13 12:04:27] Send RPC: 7.
[Debug] [2022-8-13 12:04:27] Send cmd [configure:10002] OK
[Debug] [2022-8-13 12:04:30] The value is 6.
[Debug] [2022-8-13 12:04:30] The value is 10.
[Debug] [2022-8-13 12:04:30] The value is 15.
[Debug] [2022-8-13 12:04:30] The value is 20.
[Debug] [2022-8-13 12:04:30] The value is 25.
[Debug] [2022-8-13 12:04:30] The value is 30.
[Debug] [2022-8-13 12:04:30] The value is 35.
[Debug] [2022-8-13 12:04:30] The value is 40.
[Debug] [2022-8-13 12:04:30] The value is 45.
[Debug] [2022-8-13 12:04:30] The value is 50.
[Debug] [2022-8-13 12:04:30] The value is 55.
[Debug] [2022-8-13 12:04:30] The value is 60.
[Debug] [2022-8-13 12:04:30] The value is 65.
[Debug] [2022-8-13 12:04:30] The value is 70.
[Debug] [2022-8-13 12:04:30] The value is 75.
[Debug] [2022-8-13 12:04:30] The value is 80.
[Debug] [2022-8-13 12:04:30] The value is 85.
[Debug] [2022-8-13 12:04:30] The value is 90.
[Debug] [2022-8-13 12:04:30] The value is 95.
[Debug] [2022-8-13 12:04:30] The value is 100.
[Debug] [2022-8-13 12:04:31] COMMAND[configure] execute successfully, takes 4.3 secs.
[Warn] [2022-8-13 12:04:31] MsgOut: Debugger-4002: Core Parse: Trigger Port bus name:rd_data exist, fail to import.
[Warn] [2022-8-13 12:04:31] MsgOut: Debugger-4002: Core Parse: Trigger Port bus name:u_ddr_test/rd_cnt_d1 exist, fail to import.
[Warn] [2022-8-13 12:04:31] MsgOut: Debugger-4002: Core Parse: Bus name:rd_data exist, fail to import.
[Warn] [2022-8-13 12:04:31] MsgOut: Debugger-4002: Core Parse: Bus name:u_ddr_test/rd_cnt_d1 exist, fail to import.
[Debug] [2022-8-13 12:04:31] Log::Print : Import Core: 0 OK
[Debug] [2022-8-13 12:04:40] Operation: Program.
[Debug] [2022-8-13 12:04:40] Send RPC: 8.
[Debug] [2022-8-13 12:04:40] Send cmd [configure:10002] OK
[Debug] [2022-8-13 12:04:41] The value is 6.
[Debug] [2022-8-13 12:04:41] The value is 10.
[Debug] [2022-8-13 12:04:41] The value is 15.
[Debug] [2022-8-13 12:04:41] The value is 20.
[Debug] [2022-8-13 12:04:41] The value is 25.
[Debug] [2022-8-13 12:04:41] The value is 30.
[Debug] [2022-8-13 12:04:41] The value is 35.
[Debug] [2022-8-13 12:04:41] The value is 40.
[Debug] [2022-8-13 12:04:41] The value is 45.
[Debug] [2022-8-13 12:04:41] The value is 50.
[Debug] [2022-8-13 12:04:41] The value is 55.
[Debug] [2022-8-13 12:04:41] The value is 60.
[Debug] [2022-8-13 12:04:41] The value is 65.
[Debug] [2022-8-13 12:04:41] The value is 70.
[Debug] [2022-8-13 12:04:41] The value is 75.
[Debug] [2022-8-13 12:04:41] The value is 80.
[Debug] [2022-8-13 12:04:41] The value is 85.
[Debug] [2022-8-13 12:04:41] The value is 90.
[Debug] [2022-8-13 12:04:41] The value is 95.
[Debug] [2022-8-13 12:04:41] The value is 100.
[Debug] [2022-8-13 12:04:42] COMMAND[configure] execute successfully, takes 1.5 secs.
[Warn] [2022-8-13 12:04:42] MsgOut: Debugger-4002: Core Parse: Trigger Port bus name:rd_data exist, fail to import.
[Warn] [2022-8-13 12:04:42] MsgOut: Debugger-4002: Core Parse: Trigger Port bus name:u_ddr_test/rd_cnt_d1 exist, fail to import.
[Warn] [2022-8-13 12:04:42] MsgOut: Debugger-4002: Core Parse: Bus name:rd_data exist, fail to import.
[Warn] [2022-8-13 12:04:42] MsgOut: Debugger-4002: Core Parse: Bus name:u_ddr_test/rd_cnt_d1 exist, fail to import.
[Debug] [2022-8-13 12:04:42] Log::Print : Import Core: 0 OK
[Debug] [2022-8-13 12:07:02] Operation: Program.
[Debug] [2022-8-13 12:07:02] Send RPC: 9.
[Debug] [2022-8-13 12:07:02] Send cmd [configure:10002] OK
[Debug] [2022-8-13 12:07:02] The value is 6.
[Debug] [2022-8-13 12:07:02] The value is 10.
[Debug] [2022-8-13 12:07:02] The value is 15.
[Debug] [2022-8-13 12:07:02] The value is 20.
[Debug] [2022-8-13 12:07:02] The value is 25.
[Debug] [2022-8-13 12:07:02] The value is 30.
[Debug] [2022-8-13 12:07:02] The value is 35.
[Debug] [2022-8-13 12:07:02] The value is 40.
[Debug] [2022-8-13 12:07:02] The value is 45.
[Debug] [2022-8-13 12:07:02] The value is 50.
[Debug] [2022-8-13 12:07:02] The value is 55.
[Debug] [2022-8-13 12:07:03] The value is 60.
[Debug] [2022-8-13 12:07:03] The value is 65.
[Debug] [2022-8-13 12:07:03] The value is 70.
[Debug] [2022-8-13 12:07:03] The value is 75.
[Debug] [2022-8-13 12:07:03] The value is 80.
[Debug] [2022-8-13 12:07:03] The value is 85.
[Debug] [2022-8-13 12:07:03] The value is 90.
[Debug] [2022-8-13 12:07:03] The value is 95.
[Debug] [2022-8-13 12:07:03] The value is 100.
[Debug] [2022-8-13 12:07:03] COMMAND[configure] execute successfully, takes 1.6 secs.
[Warn] [2022-8-13 12:07:04] MsgOut: Debugger-4002: Core Parse: Trigger Port bus name:rd_data exist, fail to import.
[Warn] [2022-8-13 12:07:04] MsgOut: Debugger-4002: Core Parse: Trigger Port bus name:u_ddr_test/rd_cnt_d1 exist, fail to import.
[Warn] [2022-8-13 12:07:04] MsgOut: Debugger-4002: Core Parse: Bus name:rd_data exist, fail to import.
[Warn] [2022-8-13 12:07:04] MsgOut: Debugger-4002: Core Parse: Bus name:u_ddr_test/rd_cnt_d1 exist, fail to import.
[Debug] [2022-8-13 12:07:04] Log::Print : Import Core: 0 OK
[Debug] [2022-8-13 12:07:10] Operation: Program.
[Debug] [2022-8-13 12:07:10] Send RPC: 10.
[Debug] [2022-8-13 12:07:10] Send cmd [configure:10002] OK
[Debug] [2022-8-13 12:07:10] The value is 6.
[Debug] [2022-8-13 12:07:10] The value is 10.
[Debug] [2022-8-13 12:07:10] The value is 15.
[Debug] [2022-8-13 12:07:10] The value is 20.
[Debug] [2022-8-13 12:07:10] The value is 25.
[Debug] [2022-8-13 12:07:10] The value is 30.
[Debug] [2022-8-13 12:07:10] The value is 35.
[Debug] [2022-8-13 12:07:10] The value is 40.
[Debug] [2022-8-13 12:07:10] The value is 45.
[Debug] [2022-8-13 12:07:10] The value is 50.
[Debug] [2022-8-13 12:07:10] The value is 55.
[Debug] [2022-8-13 12:07:11] The value is 60.
[Debug] [2022-8-13 12:07:11] The value is 65.
[Debug] [2022-8-13 12:07:11] The value is 70.
[Debug] [2022-8-13 12:07:11] The value is 75.
[Debug] [2022-8-13 12:07:11] The value is 80.
[Debug] [2022-8-13 12:07:11] The value is 85.
[Debug] [2022-8-13 12:07:11] The value is 90.
[Debug] [2022-8-13 12:07:11] The value is 95.
[Debug] [2022-8-13 12:07:11] The value is 100.
[Debug] [2022-8-13 12:07:11] COMMAND[configure] execute successfully, takes 1.5 secs.
[Warn] [2022-8-13 12:07:11] MsgOut: Debugger-4002: Core Parse: Trigger Port bus name:rd_data exist, fail to import.
[Warn] [2022-8-13 12:07:11] MsgOut: Debugger-4002: Core Parse: Trigger Port bus name:u_ddr_test/rd_cnt_d1 exist, fail to import.
[Warn] [2022-8-13 12:07:11] MsgOut: Debugger-4002: Core Parse: Bus name:rd_data exist, fail to import.
[Warn] [2022-8-13 12:07:11] MsgOut: Debugger-4002: Core Parse: Bus name:u_ddr_test/rd_cnt_d1 exist, fail to import.
[Debug] [2022-8-13 12:07:11] Log::Print : Import Core: 0 OK
[Debug] [2022-8-13 12:07:12] Operation: Trigger.
[Debug] [2022-8-13 12:07:12] Send RPC: 11.
[Debug] [2022-8-13 12:07:12] Send cmd [run:10003] OK
[Debug] [2022-8-13 12:07:13] Operation: ZoomFit
[Debug] [2022-8-13 12:07:13] Finish.
[Debug] [2022-8-13 12:07:13] [BusValue] Opt:Flush.
[Debug] [2022-8-13 12:07:13] [BusValue] Opt:Update.
[Debug] [2022-8-13 12:07:13] COMMAND[run] execute successfully, takes 0.7 secs.
[Debug] [2022-8-13 12:07:27] Operation: Try to close window.
[Debug] [2022-8-13 12:07:27] /*************************** 2022-08-13 12:07:27  End ***************************/
[Debug] [2022-8-13 12:09:18] /*************************** 2022-08-13 12:09:18  Start ***************************/
[Debug] [2022-8-13 12:09:18] Path: D:/pango/PDS_2021.4-SP1.2/bin
[Debug] [2022-8-13 12:09:18] #Generated by Fabric Debugger (version 2021.4-SP1.2 build 96435) at Sat Aug 13 12:09:18 2022


[Debug] [2022-8-13 12:09:19] Main window show.
[Debug] [2022-8-13 13:31:46] Operation: Try to close window.
[Debug] [2022-8-13 13:31:46] /*************************** 2022-08-13 13:31:46  End ***************************/
[Debug] [2022-8-13 13:58:29] /*************************** 2022-08-13 13:58:29  Start ***************************/
[Debug] [2022-8-13 13:58:29] Path: D:/pango/PDS_2021.4-SP1.2/bin
[Debug] [2022-8-13 13:58:29] #Generated by Fabric Debugger (version 2021.4-SP1.2 build 96435) at Sat Aug 13 13:58:29 2022


[Debug] [2022-8-13 13:58:29] Main window show.
[Debug] [2022-8-13 13:58:31] Operation: Scan.
[Debug] [2022-8-13 13:58:31] Client Local host name:DESKTOP-HL6DT46
[Debug] [2022-8-13 13:58:31] Client Local Address:192.168.2.192
[Debug] [2022-8-13 13:58:31] Server Address:127.0.0.1, Port:65420
[Info] [2022-8-13 13:58:31] Connect OK, Server: 127.0.0.1  Port: 65420
[Debug] [2022-8-13 13:58:31] Finish.
[Debug] [2022-8-13 13:58:31] Send RPC: 1.
[Debug] [2022-8-13 13:58:31] Send cmd [check version information:40004] OK
[Debug] [2022-8-13 13:58:31] Send RPC: 2.
[Debug] [2022-8-13 13:58:31] Send cmd [get_cable_paras:40010] OK
[Debug] [2022-8-13 13:58:31] Send RPC: 3.
[Debug] [2022-8-13 13:58:31] Send cmd [open_cable:10001] OK
[Debug] [2022-8-13 13:58:31] COMMAND[check version information] execute successfully, takes 0.0 secs.
[Debug] [2022-8-13 13:58:32] COMMAND[get_cable_paras] execute successfully, takes 1.2 secs.
[Debug] [2022-8-13 13:58:34] COMMAND[open_cable] execute successfully, takes 3.0 secs.
[Debug] [2022-8-13 13:58:39] Operation: Program.
[Debug] [2022-8-13 13:58:39] Send RPC: 4.
[Debug] [2022-8-13 13:58:39] Send cmd [configure:10002] OK
[Debug] [2022-8-13 13:58:40] The value is 6.
[Debug] [2022-8-13 13:58:40] The value is 10.
[Debug] [2022-8-13 13:58:40] The value is 15.
[Debug] [2022-8-13 13:58:40] The value is 20.
[Debug] [2022-8-13 13:58:40] The value is 25.
[Debug] [2022-8-13 13:58:40] The value is 30.
[Debug] [2022-8-13 13:58:40] The value is 35.
[Debug] [2022-8-13 13:58:40] The value is 40.
[Debug] [2022-8-13 13:58:40] The value is 45.
[Debug] [2022-8-13 13:58:40] The value is 50.
[Debug] [2022-8-13 13:58:40] The value is 55.
[Debug] [2022-8-13 13:58:40] The value is 60.
[Debug] [2022-8-13 13:58:40] The value is 65.
[Debug] [2022-8-13 13:58:40] The value is 70.
[Debug] [2022-8-13 13:58:40] The value is 75.
[Debug] [2022-8-13 13:58:40] The value is 80.
[Debug] [2022-8-13 13:58:40] The value is 85.
[Debug] [2022-8-13 13:58:40] The value is 90.
[Debug] [2022-8-13 13:58:40] The value is 95.
[Debug] [2022-8-13 13:58:40] The value is 100.
[Debug] [2022-8-13 13:58:41] [BusValue] Opt:Add.
[Debug] [2022-8-13 13:58:41] [BusValue] Opt:Add.
[Debug] [2022-8-13 13:58:41] COMMAND[configure] execute successfully, takes 1.6 secs.
[Debug] [2022-8-13 13:58:41] Log::Print : Import Core: 0 OK
[Debug] [2022-8-13 13:58:43] Operation: Trigger.
[Debug] [2022-8-13 13:58:43] Send RPC: 5.
[Debug] [2022-8-13 13:58:43] Send cmd [run:10003] OK
[Error] [2022-8-13 13:58:43] Fail to exec trigger command.
[Error] [2022-8-13 13:58:43] cmdid:10003 HandleErrorExec msg:JtagServer-0310: The core read from the device doesn't match, core may has changed elsewhere, please rescan.
[Debug] [2022-8-13 13:58:43] HandleErrorExec run Show Core:
[Debug] [2022-8-13 13:58:43] /******************** Core Information *************************/
[Debug] [2022-8-13 13:58:43] Core basic info: 
[Debug] [2022-8-13 13:58:43] 	Core version: 0x9001f003
[Debug] [2022-8-13 13:58:43] 	Index: 0
[Debug] [2022-8-13 13:58:43] 	Name: MyFLA0
[Debug] [2022-8-13 13:58:43] 	Core type: 3
[Debug] [2022-8-13 13:58:43] 	Data same as trigger: true
[Debug] [2022-8-13 13:58:43] 	Storage qualification: false
[Debug] [2022-8-13 13:58:43] 	Max data depth: 800
[Debug] [2022-8-13 13:58:43] 	Sample data width: 22
[Debug] [2022-8-13 13:58:43] 	Trigger sequencer level: 1
[Debug] [2022-8-13 13:58:43] 	Trigger output enabled: false
[Debug] [2022-8-13 13:58:43] 	Multi windows enabled: false
[Debug] [2022-8-13 13:58:43] 	Reset wave property status: false
[Debug] [2022-8-13 13:58:43] Core Property: 
[Debug] [2022-8-13 13:58:43] 	Core version: 0x9001f003
[Debug] [2022-8-13 13:58:43] 	Index: 0
[Debug] [2022-8-13 13:58:43] 	Core type: 3
[Debug] [2022-8-13 13:58:43] 	Data same as trigger: true
[Debug] [2022-8-13 13:58:43] 	Storage qualification: false
[Debug] [2022-8-13 13:58:43] 	Trigger output enabled: false
[Debug] [2022-8-13 13:58:43] 	Multi windows enabled: false
[Debug] [2022-8-13 13:58:43] 	Max data depth: 800
[Debug] [2022-8-13 13:58:43] 	Sample data width: 22
[Debug] [2022-8-13 13:58:43] 	Trigger sequencer level: 1
[Debug] [2022-8-13 13:58:43] 	Channel num		Match unit num		Match unit type		Counter width		Port is data
[Debug] [2022-8-13 13:58:43] 	Trigger port 0 : 	22	1	1	0	true
[Debug] [2022-8-13 13:58:43] Signals Property: 
[Debug] [2022-8-13 13:58:43] 	Window num: 0
[Debug] [2022-8-13 13:58:43] 	Samples num in window: 0
[Debug] [2022-8-13 13:58:43] 	Trigger time in window: 0
[Debug] [2022-8-13 13:58:43] 	Samples num: 0
[Debug] [2022-8-13 13:58:43] 	Negative time: true
[Debug] [2022-8-13 13:58:43] 	Signal type: 0
[Debug] [2022-8-13 13:58:43] 	Total trigger position: 0
[Debug] [2022-8-13 13:58:43] Storage Style Property: 
[Debug] [2022-8-13 13:58:43] 	Style type: 0
[Debug] [2022-8-13 13:58:43] 	Windows num: 1
[Debug] [2022-8-13 13:58:43] 	Depth per window: 800
[Debug] [2022-8-13 13:58:43] 	Window position: 400
[Debug] [2022-8-13 13:58:43] 	Samples per trigger: 800
[Debug] [2022-8-13 13:58:43] 	Storage qualification: All Data
[Debug] [2022-8-13 13:58:43] Data Port: 
[Debug] [2022-8-13 13:58:43] 	Max depth: 0
[Debug] [2022-8-13 13:58:43] 	Depth: 0
[Debug] [2022-8-13 13:58:43] Trigger Port: 
[Debug] [2022-8-13 13:58:43] Trigger Port 0 :
[Debug] [2022-8-13 13:58:43] 	Port index: 0
[Debug] [2022-8-13 13:58:43] 	Match type: 1
[Debug] [2022-8-13 13:58:43] 	Counter width: 0
[Debug] [2022-8-13 13:58:43] 	Is data: true
[Debug] [2022-8-13 13:58:43] Match Unit: 
[Debug] [2022-8-13 13:58:43] Match Unit 0 :
[Debug] [2022-8-13 13:58:43] 	Trigger port index: 0
[Debug] [2022-8-13 13:58:43] 	Value: XXXXXXXXXXXXXXXXXXXXXXXXXXXXXXXXXX
[Debug] [2022-8-13 13:58:43] 	Index: 0
[Debug] [2022-8-13 13:58:43] 	Function: 0
[Debug] [2022-8-13 13:58:43] 	Radix: 0
[Debug] [2022-8-13 13:58:43] 	Counter match event: 0
[Debug] [2022-8-13 13:58:43] 	Counter cycles: 1
[Debug] [2022-8-13 13:58:43] 	Trigger output enabled: true
[Debug] [2022-8-13 13:58:43] 	Range form : 0000000000000000000000000000000000 to 0000000000000000000000000000000000
[Debug] [2022-8-13 13:58:43] 	Is tp need deleted: false
[Debug] [2022-8-13 13:58:43] Bus: 
[Debug] [2022-8-13 13:58:43] Bus 0 :
[Debug] [2022-8-13 13:58:43] 	rd_data
[Debug] [2022-8-13 13:58:43] Channel Index 0 :	Data Port: 2	Channel name: rd_data[0]
[Debug] [2022-8-13 13:58:43] Channel Index 1 :	Data Port: 3	Channel name: rd_data[1]
[Debug] [2022-8-13 13:58:43] Channel Index 2 :	Data Port: 4	Channel name: rd_data[2]
[Debug] [2022-8-13 13:58:43] Channel Index 3 :	Data Port: 5	Channel name: rd_data[3]
[Debug] [2022-8-13 13:58:43] Channel Index 4 :	Data Port: 6	Channel name: rd_data[4]
[Debug] [2022-8-13 13:58:43] Channel Index 5 :	Data Port: 7	Channel name: rd_data[5]
[Debug] [2022-8-13 13:58:43] Channel Index 6 :	Data Port: 8	Channel name: rd_data[6]
[Debug] [2022-8-13 13:58:43] Channel Index 7 :	Data Port: 9	Channel name: rd_data[7]
[Debug] [2022-8-13 13:58:43] Channel Index 8 :	Data Port: a	Channel name: rd_data[8]
[Debug] [2022-8-13 13:58:43] Channel Index 9 :	Data Port: b	Channel name: rd_data[9]
[Debug] [2022-8-13 13:58:43] Channel Index a :	Data Port: c	Channel name: rd_data[10]
[Debug] [2022-8-13 13:58:43] Channel Index b :	Data Port: d	Channel name: rd_data[11]
[Debug] [2022-8-13 13:58:43] Channel Index c :	Data Port: e	Channel name: rd_data[12]
[Debug] [2022-8-13 13:58:43] Channel Index d :	Data Port: f	Channel name: rd_data[13]
[Debug] [2022-8-13 13:58:43] Channel Index e :	Data Port: 10	Channel name: rd_data[14]
[Debug] [2022-8-13 13:58:43] Channel Index f :	Data Port: 11	Channel name: rd_data[15]
[Debug] [2022-8-13 13:58:43] Bus 1 :
[Debug] [2022-8-13 13:58:43] 	u_ddr_test/rd_cnt_d1
[Debug] [2022-8-13 13:58:43] Channel Index 0 :	Data Port: 12	Channel name: u_ddr_test/rd_cnt_d1[0]
[Debug] [2022-8-13 13:58:43] Channel Index 1 :	Data Port: 13	Channel name: u_ddr_test/rd_cnt_d1[1]
[Debug] [2022-8-13 13:58:43] Channel Index 2 :	Data Port: 14	Channel name: u_ddr_test/rd_cnt_d1[2]
[Debug] [2022-8-13 13:58:43] Channel Index 3 :	Data Port: 15	Channel name: u_ddr_test/rd_cnt_d1[3]
[Debug] [2022-8-13 13:58:43] Channel Index 4 :	Data Port: 16	Channel name: u_ddr_test/rd_cnt_d1[4]
[Debug] [2022-8-13 13:58:43] Channel Index 5 :	Data Port: 17	Channel name: u_ddr_test/rd_cnt_d1[5]
[Debug] [2022-8-13 13:58:43] Channel Index 6 :	Data Port: 18	Channel name: u_ddr_test/rd_cnt_d1[6]
[Debug] [2022-8-13 13:58:43] Channel Index 7 :	Data Port: 19	Channel name: u_ddr_test/rd_cnt_d1[7]
[Debug] [2022-8-13 13:58:43] Channel Index 8 :	Data Port: 1a	Channel name: u_ddr_test/rd_cnt_d1[8]
[Debug] [2022-8-13 13:58:43] Channel Index 9 :	Data Port: 1b	Channel name: u_ddr_test/rd_cnt_d1[9]
[Debug] [2022-8-13 13:58:43] Channel Index a :	Data Port: 1c	Channel name: u_ddr_test/rd_cnt_d1[10]
[Debug] [2022-8-13 13:58:43] Channel Index b :	Data Port: 1d	Channel name: u_ddr_test/rd_cnt_d1[11]
[Debug] [2022-8-13 13:58:43] Channel Index c :	Data Port: 1e	Channel name: u_ddr_test/rd_cnt_d1[12]
[Debug] [2022-8-13 13:58:43] Channel Index d :	Data Port: 1f	Channel name: u_ddr_test/rd_cnt_d1[13]
[Debug] [2022-8-13 13:58:43] Channel Index e :	Data Port: 20	Channel name: u_ddr_test/rd_cnt_d1[14]
[Debug] [2022-8-13 13:58:43] Channel Index f :	Data Port: 21	Channel name: u_ddr_test/rd_cnt_d1[15]
[Debug] [2022-8-13 13:58:43] Trigger Condition: 
[Debug] [2022-8-13 13:58:43] Trigger Condition 0 :
[Debug] [2022-8-13 13:58:43] 	Is active: true
[Debug] [2022-8-13 13:58:43] 	Name: TriggerCondition0
[Debug] [2022-8-13 13:58:43] 	Equation: TU0
[Debug] [2022-8-13 13:58:43] 	Output enable type: 0
[Debug] [2022-8-13 13:58:43] 	Trigger condition type: 0
[Debug] [2022-8-13 13:58:43] 	Use contiguous match event: false
[Debug] [2022-8-13 13:58:43] /**************************************************************/
[Error] [2022-8-13 13:58:43] MsgOut: Debugger-0006: Command run exec unsuccessfully.
[Debug] [2022-8-13 13:58:49] Operation: Program.
[Debug] [2022-8-13 13:58:49] Send RPC: 6.
[Debug] [2022-8-13 13:58:49] Send cmd [configure:2712] OK
[Debug] [2022-8-13 13:58:49] The value is 6.
[Debug] [2022-8-13 13:58:49] The value is a.
[Debug] [2022-8-13 13:58:49] The value is f.
[Debug] [2022-8-13 13:58:49] The value is 14.
[Debug] [2022-8-13 13:58:49] The value is 19.
[Debug] [2022-8-13 13:58:49] The value is 1e.
[Debug] [2022-8-13 13:58:49] The value is 23.
[Debug] [2022-8-13 13:58:49] The value is 28.
[Debug] [2022-8-13 13:58:49] The value is 2d.
[Debug] [2022-8-13 13:58:49] The value is 32.
[Debug] [2022-8-13 13:58:50] The value is 37.
[Debug] [2022-8-13 13:58:50] The value is 3c.
[Debug] [2022-8-13 13:58:50] The value is 41.
[Debug] [2022-8-13 13:58:50] The value is 46.
[Debug] [2022-8-13 13:58:50] The value is 4b.
[Debug] [2022-8-13 13:58:50] The value is 50.
[Debug] [2022-8-13 13:58:50] The value is 55.
[Debug] [2022-8-13 13:58:50] The value is 5a.
[Debug] [2022-8-13 13:58:50] The value is 5f.
[Debug] [2022-8-13 13:58:50] The value is 64.
[Debug] [2022-8-13 13:58:50] COMMAND[configure] execute successfully, takes 1.5 secs.
[Warn] [2022-8-13 13:58:50] MsgOut: Debugger-4002: Core Parse: Trigger Port bus name:rd_data exist, fail to import.
[Warn] [2022-8-13 13:58:50] MsgOut: Debugger-4002: Core Parse: Trigger Port bus name:u_ddr_test/rd_cnt_d1 exist, fail to import.
[Warn] [2022-8-13 13:58:50] MsgOut: Debugger-4002: Core Parse: Bus name:rd_data exist, fail to import.
[Warn] [2022-8-13 13:58:50] MsgOut: Debugger-4002: Core Parse: Bus name:u_ddr_test/rd_cnt_d1 exist, fail to import.
[Debug] [2022-8-13 13:58:50] Log::Print : Import Core: 0 OK
[Debug] [2022-8-13 13:58:57] Operation: Trigger.
[Debug] [2022-8-13 13:58:57] Send RPC: 7.
[Debug] [2022-8-13 13:58:57] Send cmd [run:2713] OK
[Debug] [2022-8-13 13:58:58] Operation: ZoomFit
[Debug] [2022-8-13 13:58:58] Finish.
[Debug] [2022-8-13 13:58:58] [BusValue] Opt:Flush.
[Debug] [2022-8-13 13:58:58] [BusValue] Opt:Update.
[Debug] [2022-8-13 13:58:58] COMMAND[run] execute successfully, takes 0.6 secs.
[Debug] [2022-8-13 13:59:00] Operation: ZoomOut
[Debug] [2022-8-13 13:59:00] Finish.
[Debug] [2022-8-13 13:59:00] Operation: ZoomOut
[Debug] [2022-8-13 13:59:00] Finish.
[Debug] [2022-8-13 13:59:00] Operation: ZoomOut
[Debug] [2022-8-13 13:59:00] Operation: ZoomOut
[Debug] [2022-8-13 13:59:00] Operation: ZoomOut
[Debug] [2022-8-13 13:59:00] Operation: ZoomOut
[Debug] [2022-8-13 13:59:01] Operation: Zoom in.
[Debug] [2022-8-13 13:59:01] Finish.
[Debug] [2022-8-13 13:59:01] Operation: Zoom in.
[Debug] [2022-8-13 13:59:01] Finish.
[Debug] [2022-8-13 13:59:01] Operation: Zoom in.
[Debug] [2022-8-13 13:59:01] Finish.
[Debug] [2022-8-13 13:59:01] Operation: Zoom in.
[Debug] [2022-8-13 13:59:01] Finish.
[Debug] [2022-8-13 13:59:02] Operation: Zoom in.
[Debug] [2022-8-13 13:59:02] Finish.
[Debug] [2022-8-13 13:59:02] Operation: Zoom in.
[Debug] [2022-8-13 13:59:02] Finish.
[Debug] [2022-8-13 13:59:02] Operation: Zoom in.
[Debug] [2022-8-13 13:59:02] Finish.
[Debug] [2022-8-13 13:59:03] Operation: Zoom in.
[Debug] [2022-8-13 13:59:03] Finish.
[Debug] [2022-8-13 13:59:07] Operation: Bus radix changed.
[Debug] [2022-8-13 13:59:07] Bus radix: Unsigned Decimal.
[Debug] [2022-8-13 13:59:07] [BusValue] Opt:Update.
[Debug] [2022-8-13 13:59:07] Finish.
[Debug] [2022-8-13 13:59:07] Bus radix: Unsigned Decimal.
[Debug] [2022-8-13 13:59:07] [BusValue] Opt:Update.
[Debug] [2022-8-13 13:59:07] Finish.
[Debug] [2022-8-13 14:17:52] Operation: Program.
[Debug] [2022-8-13 14:17:52] Send RPC: 8.
[Debug] [2022-8-13 14:17:52] Send cmd [configure:2712] OK
[Debug] [2022-8-13 14:17:55] The value is 6.
[Debug] [2022-8-13 14:17:55] The value is a.
[Debug] [2022-8-13 14:17:55] The value is f.
[Debug] [2022-8-13 14:17:55] The value is 14.
[Debug] [2022-8-13 14:17:55] The value is 19.
[Debug] [2022-8-13 14:17:55] The value is 1e.
[Debug] [2022-8-13 14:17:55] The value is 23.
[Debug] [2022-8-13 14:17:55] The value is 28.
[Debug] [2022-8-13 14:17:55] The value is 2d.
[Debug] [2022-8-13 14:17:55] The value is 32.
[Debug] [2022-8-13 14:17:55] The value is 37.
[Debug] [2022-8-13 14:17:55] The value is 3c.
[Debug] [2022-8-13 14:17:55] The value is 41.
[Debug] [2022-8-13 14:17:55] The value is 46.
[Debug] [2022-8-13 14:17:55] The value is 4b.
[Debug] [2022-8-13 14:17:55] The value is 50.
[Debug] [2022-8-13 14:17:55] The value is 55.
[Debug] [2022-8-13 14:17:55] The value is 5a.
[Debug] [2022-8-13 14:17:55] The value is 5f.
[Debug] [2022-8-13 14:17:55] The value is 64.
[Debug] [2022-8-13 14:17:56] COMMAND[configure] execute successfully, takes 3.7 secs.
[Warn] [2022-8-13 14:17:56] MsgOut: Debugger-4002: Core Parse: Trigger Port bus name:rd_data exist, fail to import.
[Warn] [2022-8-13 14:17:56] MsgOut: Debugger-4002: Core Parse: Trigger Port bus name:u_ddr_test/rd_cnt_d1 exist, fail to import.
[Warn] [2022-8-13 14:17:56] MsgOut: Debugger-4002: Core Parse: Bus name:rd_data exist, fail to import.
[Warn] [2022-8-13 14:17:56] MsgOut: Debugger-4002: Core Parse: Bus name:u_ddr_test/rd_cnt_d1 exist, fail to import.
[Debug] [2022-8-13 14:17:56] Log::Print : Import Core: 0 OK
[Debug] [2022-8-13 14:17:57] Operation: Trigger.
[Debug] [2022-8-13 14:17:57] Send RPC: 9.
[Debug] [2022-8-13 14:17:57] Send cmd [run:2713] OK
[Debug] [2022-8-13 14:17:58] Operation: ZoomFit
[Debug] [2022-8-13 14:17:58] Finish.
[Debug] [2022-8-13 14:17:58] [BusValue] Opt:Flush.
[Debug] [2022-8-13 14:17:58] [BusValue] Opt:Update.
[Debug] [2022-8-13 14:17:58] COMMAND[run] execute successfully, takes 0.7 secs.
[Debug] [2022-8-13 14:24:20] Operation: Program.
[Debug] [2022-8-13 14:24:20] Send RPC: a.
[Debug] [2022-8-13 14:24:20] Send cmd [configure:2712] OK
[Debug] [2022-8-13 14:24:21] The value is 6.
[Debug] [2022-8-13 14:24:21] The value is a.
[Debug] [2022-8-13 14:24:21] The value is f.
[Debug] [2022-8-13 14:24:21] The value is 14.
[Debug] [2022-8-13 14:24:21] The value is 19.
[Debug] [2022-8-13 14:24:21] The value is 1e.
[Debug] [2022-8-13 14:24:21] The value is 23.
[Debug] [2022-8-13 14:24:21] The value is 28.
[Debug] [2022-8-13 14:24:21] The value is 2d.
[Debug] [2022-8-13 14:24:21] The value is 32.
[Debug] [2022-8-13 14:24:21] The value is 37.
[Debug] [2022-8-13 14:24:21] The value is 3c.
[Debug] [2022-8-13 14:24:21] The value is 41.
[Debug] [2022-8-13 14:24:21] The value is 46.
[Debug] [2022-8-13 14:24:21] The value is 4b.
[Debug] [2022-8-13 14:24:21] The value is 50.
[Debug] [2022-8-13 14:24:21] The value is 55.
[Debug] [2022-8-13 14:24:21] The value is 5a.
[Debug] [2022-8-13 14:24:21] The value is 5f.
[Debug] [2022-8-13 14:24:21] The value is 64.
[Debug] [2022-8-13 14:24:22] COMMAND[configure] execute successfully, takes 1.6 secs.
[Warn] [2022-8-13 14:24:22] MsgOut: Debugger-4002: Core Parse: Trigger Port bus name:rd_data exist, fail to import.
[Warn] [2022-8-13 14:24:22] MsgOut: Debugger-4002: Core Parse: Trigger Port bus name:u_ddr_test/rd_cnt_d1 exist, fail to import.
[Warn] [2022-8-13 14:24:22] MsgOut: Debugger-4002: Core Parse: Bus name:rd_data exist, fail to import.
[Warn] [2022-8-13 14:24:22] MsgOut: Debugger-4002: Core Parse: Bus name:u_ddr_test/rd_cnt_d1 exist, fail to import.
[Debug] [2022-8-13 14:24:22] Log::Print : Import Core: 0 OK
[Debug] [2022-8-13 14:24:23] Operation: Trigger.
[Debug] [2022-8-13 14:24:23] Send RPC: b.
[Debug] [2022-8-13 14:24:23] Send cmd [run:2713] OK
[Debug] [2022-8-13 14:24:24] Operation: ZoomFit
[Debug] [2022-8-13 14:24:24] Finish.
[Debug] [2022-8-13 14:24:24] [BusValue] Opt:Flush.
[Debug] [2022-8-13 14:24:24] [BusValue] Opt:Update.
[Debug] [2022-8-13 14:24:24] COMMAND[run] execute successfully, takes 0.6 secs.
[Debug] [2022-8-13 14:26:39] Operation: Program.
[Debug] [2022-8-13 14:26:39] Send RPC: c.
[Debug] [2022-8-13 14:26:39] Send cmd [configure:2712] OK
[Debug] [2022-8-13 14:26:39] The value is 6.
[Debug] [2022-8-13 14:26:39] The value is a.
[Debug] [2022-8-13 14:26:39] The value is f.
[Debug] [2022-8-13 14:26:39] The value is 14.
[Debug] [2022-8-13 14:26:39] The value is 19.
[Debug] [2022-8-13 14:26:39] The value is 1e.
[Debug] [2022-8-13 14:26:39] The value is 23.
[Debug] [2022-8-13 14:26:39] The value is 28.
[Debug] [2022-8-13 14:26:39] The value is 2d.
[Debug] [2022-8-13 14:26:39] The value is 32.
[Debug] [2022-8-13 14:26:39] The value is 37.
[Debug] [2022-8-13 14:26:39] The value is 3c.
[Debug] [2022-8-13 14:26:40] The value is 41.
[Debug] [2022-8-13 14:26:40] The value is 46.
[Debug] [2022-8-13 14:26:40] The value is 4b.
[Debug] [2022-8-13 14:26:40] The value is 50.
[Debug] [2022-8-13 14:26:40] The value is 55.
[Debug] [2022-8-13 14:26:40] The value is 5a.
[Debug] [2022-8-13 14:26:40] The value is 5f.
[Debug] [2022-8-13 14:26:40] The value is 64.
[Debug] [2022-8-13 14:26:40] COMMAND[configure] execute successfully, takes 1.6 secs.
[Warn] [2022-8-13 14:26:40] MsgOut: Debugger-4002: Core Parse: Trigger Port bus name:rd_data exist, fail to import.
[Warn] [2022-8-13 14:26:40] MsgOut: Debugger-4002: Core Parse: Trigger Port bus name:u_ddr_test/rd_cnt_d1 exist, fail to import.
[Warn] [2022-8-13 14:26:40] MsgOut: Debugger-4002: Core Parse: Bus name:rd_data exist, fail to import.
[Warn] [2022-8-13 14:26:40] MsgOut: Debugger-4002: Core Parse: Bus name:u_ddr_test/rd_cnt_d1 exist, fail to import.
[Debug] [2022-8-13 14:26:40] Log::Print : Import Core: 0 OK
[Debug] [2022-8-13 14:26:41] Operation: Trigger.
[Debug] [2022-8-13 14:26:41] Send RPC: d.
[Debug] [2022-8-13 14:26:41] Send cmd [run:2713] OK
[Debug] [2022-8-13 14:26:42] Operation: ZoomFit
[Debug] [2022-8-13 14:26:42] Finish.
[Debug] [2022-8-13 14:26:42] [BusValue] Opt:Flush.
[Debug] [2022-8-13 14:26:42] [BusValue] Opt:Update.
[Debug] [2022-8-13 14:26:42] COMMAND[run] execute successfully, takes 0.7 secs.
[Debug] [2022-8-13 16:11:59] Operation: Try to close window.
[Debug] [2022-8-13 16:11:59] /*************************** 2022-08-13 16:11:59  End ***************************/
[Debug] [2022-8-17 09:58:15] /*************************** 2022-08-17 09:58:15  Start ***************************/
[Debug] [2022-8-17 09:58:15] Path: D:/pango/PDS_2021.4-SP1.2/bin
[Debug] [2022-8-17 09:58:15] #Generated by Fabric Debugger (version 2021.4-SP1.2 build 96435) at Wed Aug 17 09:58:15 2022


[Debug] [2022-8-17 09:58:15] Main window show.
[Debug] [2022-8-17 09:58:16] Operation: Scan.
[Debug] [2022-8-17 09:58:16] Client Local host name:DESKTOP-HL6DT46
[Debug] [2022-8-17 09:58:16] Client Local Address:192.168.2.192
[Debug] [2022-8-17 09:58:16] Server Address:127.0.0.1, Port:65420
[Info] [2022-8-17 09:58:17] Connect OK, Server: 127.0.0.1  Port: 65420
[Debug] [2022-8-17 09:58:17] Finish.
[Debug] [2022-8-17 09:58:17] Send RPC: 1.
[Debug] [2022-8-17 09:58:17] Send cmd [check version information:40004] OK
[Debug] [2022-8-17 09:58:17] Send RPC: 2.
[Debug] [2022-8-17 09:58:17] Send cmd [get_cable_paras:40010] OK
[Debug] [2022-8-17 09:58:17] Send RPC: 3.
[Debug] [2022-8-17 09:58:17] Send cmd [open_cable:10001] OK
[Debug] [2022-8-17 09:58:17] COMMAND[check version information] execute successfully, takes 0.3 secs.
[Debug] [2022-8-17 09:58:19] COMMAND[get_cable_paras] execute successfully, takes 1.2 secs.
[Debug] [2022-8-17 09:58:21] COMMAND[open_cable] execute successfully, takes 3.7 secs.
[Debug] [2022-8-17 09:58:26] Operation: Program.
[Debug] [2022-8-17 09:58:26] Send RPC: 4.
[Debug] [2022-8-17 09:58:26] Send cmd [configure:10002] OK
[Debug] [2022-8-17 09:58:26] The value is 6.
[Debug] [2022-8-17 09:58:26] The value is 10.
[Debug] [2022-8-17 09:58:26] The value is 15.
[Debug] [2022-8-17 09:58:26] The value is 20.
[Debug] [2022-8-17 09:58:26] The value is 25.
[Debug] [2022-8-17 09:58:26] The value is 30.
[Debug] [2022-8-17 09:58:26] The value is 35.
[Debug] [2022-8-17 09:58:27] The value is 40.
[Debug] [2022-8-17 09:58:27] The value is 45.
[Debug] [2022-8-17 09:58:27] The value is 50.
[Debug] [2022-8-17 09:58:27] The value is 55.
[Debug] [2022-8-17 09:58:27] The value is 60.
[Debug] [2022-8-17 09:58:27] The value is 65.
[Debug] [2022-8-17 09:58:27] The value is 70.
[Debug] [2022-8-17 09:58:27] The value is 75.
[Debug] [2022-8-17 09:58:27] The value is 80.
[Debug] [2022-8-17 09:58:27] The value is 85.
[Debug] [2022-8-17 09:58:27] The value is 90.
[Debug] [2022-8-17 09:58:27] The value is 95.
[Debug] [2022-8-17 09:58:27] The value is 100.
[Debug] [2022-8-17 09:58:28] [BusValue] Opt:Add.
[Debug] [2022-8-17 09:58:28] [BusValue] Opt:Add.
[Debug] [2022-8-17 09:58:28] COMMAND[configure] execute successfully, takes 1.9 secs.
[Debug] [2022-8-17 09:58:28] Log::Print : Import Core: 0 OK
[Debug] [2022-8-17 09:58:31] Operation: Trigger.
[Debug] [2022-8-17 09:58:31] Send RPC: 5.
[Debug] [2022-8-17 09:58:31] Send cmd [run:10003] OK
[Debug] [2022-8-17 09:58:31] Operation: ZoomFit
[Debug] [2022-8-17 09:58:31] Finish.
[Debug] [2022-8-17 09:58:31] [BusValue] Opt:Flush.
[Debug] [2022-8-17 09:58:31] [BusValue] Opt:Update.
[Debug] [2022-8-17 09:58:31] COMMAND[run] execute successfully, takes 0.6 secs.
[Debug] [2022-8-17 09:58:33] Operation: Zoom in.
[Debug] [2022-8-17 09:58:33] Finish.
[Debug] [2022-8-17 09:58:33] Operation: Zoom in.
[Debug] [2022-8-17 09:58:33] Finish.
[Debug] [2022-8-17 09:58:33] Operation: Zoom in.
[Debug] [2022-8-17 09:58:33] Finish.
[Debug] [2022-8-17 09:58:33] Operation: Zoom in.
[Debug] [2022-8-17 09:58:33] Finish.
[Debug] [2022-8-17 09:58:34] Operation: Zoom in.
[Debug] [2022-8-17 09:58:34] Finish.
[Debug] [2022-8-17 09:58:34] Operation: Zoom in.
[Debug] [2022-8-17 09:58:34] Finish.
[Debug] [2022-8-17 09:58:34] Operation: Zoom in.
[Debug] [2022-8-17 09:58:34] Finish.
[Debug] [2022-8-17 09:58:34] Operation: Zoom in.
[Debug] [2022-8-17 09:58:34] Finish.
[Debug] [2022-8-17 09:58:34] Operation: ZoomOut
[Debug] [2022-8-17 09:58:34] Finish.
[Debug] [2022-8-17 09:58:34] Operation: ZoomOut
[Debug] [2022-8-17 09:58:34] Finish.
[Debug] [2022-8-17 09:58:34] Operation: ZoomOut
[Debug] [2022-8-17 09:58:34] Finish.
[Debug] [2022-8-17 09:58:35] Operation: Zoom in.
[Debug] [2022-8-17 09:58:35] Finish.
[Debug] [2022-8-17 09:58:35] Operation: Zoom in.
[Debug] [2022-8-17 09:58:35] Finish.
[Debug] [2022-8-17 09:58:35] Operation: ZoomOut
[Debug] [2022-8-17 09:58:35] Finish.
[Debug] [2022-8-17 09:59:03] Operation: Bus radix changed.
[Debug] [2022-8-17 09:59:03] Bus radix: Unsigned Decimal.
[Debug] [2022-8-17 09:59:03] [BusValue] Opt:Update.
[Debug] [2022-8-17 09:59:03] Finish.
[Debug] [2022-8-17 09:59:03] Bus radix: Unsigned Decimal.
[Debug] [2022-8-17 09:59:03] [BusValue] Opt:Update.
[Debug] [2022-8-17 09:59:03] Finish.
[Debug] [2022-8-17 09:59:34] Operation: Program.
[Debug] [2022-8-17 09:59:34] Send RPC: 6.
[Debug] [2022-8-17 09:59:34] Send cmd [configure:10002] OK
[Debug] [2022-8-17 09:59:34] The value is 6.
[Debug] [2022-8-17 09:59:34] The value is 10.
[Debug] [2022-8-17 09:59:34] The value is 15.
[Debug] [2022-8-17 09:59:34] The value is 20.
[Debug] [2022-8-17 09:59:34] The value is 25.
[Debug] [2022-8-17 09:59:34] The value is 30.
[Debug] [2022-8-17 09:59:34] The value is 35.
[Debug] [2022-8-17 09:59:35] The value is 40.
[Debug] [2022-8-17 09:59:35] The value is 45.
[Debug] [2022-8-17 09:59:35] The value is 50.
[Debug] [2022-8-17 09:59:35] The value is 55.
[Debug] [2022-8-17 09:59:35] The value is 60.
[Debug] [2022-8-17 09:59:35] The value is 65.
[Debug] [2022-8-17 09:59:35] The value is 70.
[Debug] [2022-8-17 09:59:35] The value is 75.
[Debug] [2022-8-17 09:59:35] The value is 80.
[Debug] [2022-8-17 09:59:35] The value is 85.
[Debug] [2022-8-17 09:59:35] The value is 90.
[Debug] [2022-8-17 09:59:35] The value is 95.
[Debug] [2022-8-17 09:59:35] The value is 100.
[Debug] [2022-8-17 09:59:36] COMMAND[configure] execute successfully, takes 1.6 secs.
[Warn] [2022-8-17 09:59:36] MsgOut: Debugger-4002: Core Parse: Trigger Port bus name:rd_data exist, fail to import.
[Warn] [2022-8-17 09:59:36] MsgOut: Debugger-4002: Core Parse: Trigger Port bus name:u_ddr_test/rd_cnt_d1 exist, fail to import.
[Warn] [2022-8-17 09:59:36] MsgOut: Debugger-4002: Core Parse: Bus name:rd_data exist, fail to import.
[Warn] [2022-8-17 09:59:36] MsgOut: Debugger-4002: Core Parse: Bus name:u_ddr_test/rd_cnt_d1 exist, fail to import.
[Debug] [2022-8-17 09:59:36] Log::Print : Import Core: 0 OK
[Debug] [2022-8-17 09:59:49] Operation: Trigger.
[Debug] [2022-8-17 09:59:49] Send RPC: 7.
[Debug] [2022-8-17 09:59:49] Send cmd [run:10003] OK
[Debug] [2022-8-17 09:59:50] Operation: ZoomFit
[Debug] [2022-8-17 09:59:50] Finish.
[Debug] [2022-8-17 09:59:50] [BusValue] Opt:Flush.
[Debug] [2022-8-17 09:59:50] [BusValue] Opt:Update.
[Debug] [2022-8-17 09:59:50] COMMAND[run] execute successfully, takes 0.6 secs.
[Debug] [2022-8-17 10:00:03] Operation: ZoomOut
[Debug] [2022-8-17 10:00:03] Finish.
[Debug] [2022-8-17 10:00:03] Operation: ZoomOut
[Debug] [2022-8-17 10:00:03] Finish.
[Debug] [2022-8-17 10:00:03] Operation: ZoomOut
[Debug] [2022-8-17 10:00:03] Finish.
[Debug] [2022-8-17 10:00:03] Operation: ZoomOut
[Debug] [2022-8-17 10:00:03] Finish.
[Debug] [2022-8-17 10:00:03] Operation: ZoomOut
[Debug] [2022-8-17 10:00:03] Finish.
[Debug] [2022-8-17 10:00:03] Operation: ZoomOut
[Debug] [2022-8-17 10:00:03] Finish.
[Debug] [2022-8-17 10:00:04] Operation: ZoomOut
[Debug] [2022-8-17 10:00:04] Finish.
[Debug] [2022-8-17 10:00:04] Operation: ZoomOut
[Debug] [2022-8-17 10:00:04] Finish.
[Debug] [2022-8-17 10:00:04] Operation: ZoomOut
[Debug] [2022-8-17 10:00:04] Operation: ZoomOut
[Debug] [2022-8-17 10:00:04] Operation: ZoomOut
[Debug] [2022-8-17 10:00:05] Operation: Zoom in.
[Debug] [2022-8-17 10:00:05] Finish.
[Debug] [2022-8-17 10:00:05] Operation: Zoom in.
[Debug] [2022-8-17 10:00:05] Finish.
[Debug] [2022-8-17 10:00:05] Operation: Zoom in.
[Debug] [2022-8-17 10:00:05] Finish.
[Debug] [2022-8-17 10:00:05] Operation: Zoom in.
[Debug] [2022-8-17 10:00:05] Finish.
[Debug] [2022-8-17 10:00:06] Operation: Zoom in.
[Debug] [2022-8-17 10:00:06] Finish.
[Debug] [2022-8-17 10:00:06] Operation: Zoom in.
[Debug] [2022-8-17 10:00:06] Finish.
[Debug] [2022-8-17 10:00:06] Operation: Zoom in.
[Debug] [2022-8-17 10:00:06] Finish.
[Debug] [2022-8-17 10:10:08] Operation: Program.
[Debug] [2022-8-17 10:10:08] Send RPC: 8.
[Debug] [2022-8-17 10:10:08] Send cmd [configure:10002] OK
[Debug] [2022-8-17 10:10:08] The value is 6.
[Debug] [2022-8-17 10:10:08] The value is 10.
[Debug] [2022-8-17 10:10:09] The value is 15.
[Debug] [2022-8-17 10:10:09] The value is 20.
[Debug] [2022-8-17 10:10:09] The value is 25.
[Debug] [2022-8-17 10:10:09] The value is 30.
[Debug] [2022-8-17 10:10:09] The value is 35.
[Debug] [2022-8-17 10:10:09] The value is 40.
[Debug] [2022-8-17 10:10:09] The value is 45.
[Debug] [2022-8-17 10:10:09] The value is 50.
[Debug] [2022-8-17 10:10:09] The value is 55.
[Debug] [2022-8-17 10:10:09] The value is 60.
[Debug] [2022-8-17 10:10:09] The value is 65.
[Debug] [2022-8-17 10:10:09] The value is 70.
[Debug] [2022-8-17 10:10:09] The value is 75.
[Debug] [2022-8-17 10:10:09] The value is 80.
[Debug] [2022-8-17 10:10:09] The value is 85.
[Debug] [2022-8-17 10:10:09] The value is 90.
[Debug] [2022-8-17 10:10:09] The value is 95.
[Debug] [2022-8-17 10:10:09] The value is 100.
[Debug] [2022-8-17 10:10:10] COMMAND[configure] execute successfully, takes 1.6 secs.
[Warn] [2022-8-17 10:10:10] MsgOut: Debugger-4002: Core Parse: Trigger Port bus name:rd_data exist, fail to import.
[Warn] [2022-8-17 10:10:10] MsgOut: Debugger-4002: Core Parse: Trigger Port bus name:u_ddr_test/rd_cnt_d1 exist, fail to import.
[Warn] [2022-8-17 10:10:10] MsgOut: Debugger-4002: Core Parse: Bus name:rd_data exist, fail to import.
[Warn] [2022-8-17 10:10:10] MsgOut: Debugger-4002: Core Parse: Bus name:u_ddr_test/rd_cnt_d1 exist, fail to import.
[Debug] [2022-8-17 10:10:10] Log::Print : Import Core: 0 OK
[Debug] [2022-8-17 10:10:12] Operation: Trigger.
[Debug] [2022-8-17 10:10:12] Send RPC: 9.
[Debug] [2022-8-17 10:10:12] Send cmd [run:10003] OK
[Debug] [2022-8-17 10:10:13] Operation: ZoomFit
[Debug] [2022-8-17 10:10:13] Finish.
[Debug] [2022-8-17 10:10:13] [BusValue] Opt:Flush.
[Debug] [2022-8-17 10:10:13] [BusValue] Opt:Update.
[Debug] [2022-8-17 10:10:13] COMMAND[run] execute successfully, takes 0.7 secs.
[Debug] [2022-8-17 10:10:15] Operation: ZoomOut
[Debug] [2022-8-17 10:10:15] Finish.
[Debug] [2022-8-17 10:10:16] Operation: ZoomOut
[Debug] [2022-8-17 10:10:16] Finish.
[Debug] [2022-8-17 10:10:16] Operation: ZoomOut
[Debug] [2022-8-17 10:10:16] Finish.
[Debug] [2022-8-17 10:10:16] Operation: Zoom in.
[Debug] [2022-8-17 10:10:16] Finish.
[Debug] [2022-8-17 10:10:16] Operation: Zoom in.
[Debug] [2022-8-17 10:10:16] Finish.
[Debug] [2022-8-17 10:10:16] Operation: Zoom in.
[Debug] [2022-8-17 10:10:16] Finish.
[Debug] [2022-8-17 10:10:17] Operation: Zoom in.
[Debug] [2022-8-17 10:10:17] Finish.
[Debug] [2022-8-17 10:19:41] Operation: Program.
[Debug] [2022-8-17 10:19:41] Send RPC: 10.
[Debug] [2022-8-17 10:19:41] Send cmd [configure:10002] OK
[Debug] [2022-8-17 10:19:42] The value is 6.
[Debug] [2022-8-17 10:19:42] The value is 10.
[Debug] [2022-8-17 10:19:42] The value is 15.
[Debug] [2022-8-17 10:19:42] The value is 20.
[Debug] [2022-8-17 10:19:42] The value is 25.
[Debug] [2022-8-17 10:19:42] The value is 30.
[Debug] [2022-8-17 10:19:42] The value is 35.
[Debug] [2022-8-17 10:19:42] The value is 40.
[Debug] [2022-8-17 10:19:42] The value is 45.
[Debug] [2022-8-17 10:19:42] The value is 50.
[Debug] [2022-8-17 10:19:42] The value is 55.
[Debug] [2022-8-17 10:19:42] The value is 60.
[Debug] [2022-8-17 10:19:42] The value is 65.
[Debug] [2022-8-17 10:19:42] The value is 70.
[Debug] [2022-8-17 10:19:42] The value is 75.
[Debug] [2022-8-17 10:19:42] The value is 80.
[Debug] [2022-8-17 10:19:42] The value is 85.
[Debug] [2022-8-17 10:19:42] The value is 90.
[Debug] [2022-8-17 10:19:42] The value is 95.
[Debug] [2022-8-17 10:19:42] The value is 100.
[Debug] [2022-8-17 10:19:43] COMMAND[configure] execute successfully, takes 1.5 secs.
[Warn] [2022-8-17 10:19:43] MsgOut: Debugger-4002: Core Parse: Trigger Port bus name:rd_data exist, fail to import.
[Warn] [2022-8-17 10:19:43] MsgOut: Debugger-4002: Core Parse: Trigger Port bus name:u_ddr_test/rd_cnt_d1 exist, fail to import.
[Warn] [2022-8-17 10:19:43] MsgOut: Debugger-4002: Core Parse: Bus name:rd_data exist, fail to import.
[Warn] [2022-8-17 10:19:43] MsgOut: Debugger-4002: Core Parse: Bus name:u_ddr_test/rd_cnt_d1 exist, fail to import.
[Debug] [2022-8-17 10:19:43] Log::Print : Import Core: 0 OK
[Debug] [2022-8-17 10:19:44] Operation: Trigger.
[Debug] [2022-8-17 10:19:44] Send RPC: 11.
[Debug] [2022-8-17 10:19:44] Send cmd [run:10003] OK
[Debug] [2022-8-17 10:19:45] Operation: ZoomFit
[Debug] [2022-8-17 10:19:45] Finish.
[Debug] [2022-8-17 10:19:45] [BusValue] Opt:Flush.
[Debug] [2022-8-17 10:19:45] [BusValue] Opt:Update.
[Debug] [2022-8-17 10:19:45] COMMAND[run] execute successfully, takes 0.6 secs.
[Debug] [2022-8-17 10:19:48] Operation: Trigger.
[Debug] [2022-8-17 10:19:48] Send RPC: 12.
[Debug] [2022-8-17 10:19:48] Send cmd [run:10003] OK
[Debug] [2022-8-17 10:19:49] Operation: ZoomFit
[Debug] [2022-8-17 10:19:49] Finish.
[Debug] [2022-8-17 10:19:49] [BusValue] Opt:Flush.
[Debug] [2022-8-17 10:19:49] [BusValue] Opt:Update.
[Debug] [2022-8-17 10:19:49] COMMAND[run] execute successfully, takes 0.6 secs.
[Debug] [2022-8-17 10:31:02] Operation: Try to close window.
[Debug] [2022-8-17 10:31:02] /*************************** 2022-08-17 10:31:02  End ***************************/
