#Build: Fabric Inserter 2021.4-SP1.2, Build 96435, May 30 04:40 2022
#Install: D:\pango\PDS_2021.4-SP1.2\bin
#Application name: cdt_ins.exe
#OS: Windows 10 10.0.19044
#Hostname: DESKTOP-HL6DT46
Generated by Fabric Inserter (version 2021.4-SP1.2 build 96435) at Wed Aug 31 10:29:32 2022
*************************************************************************
*
*  Parsing design. Please be patient as this can take several minutes.
*
*************************************************************************
Compiling architecture definition.
Loading technology operator library.
Compiling technology operator library.
Compiling technology operator (valence) library.
Compiling file 'E:/Verilog/25_ddr3_rw_top/prj/synthesize/ddr3_rw_top_syn.adf' successful.
Creating module hierarchy.
Collecting net information.
*************************************************************************
*
*  Design Parsing Done.
*
*************************************************************************
M_PROCESS_FINISH_STARTED

