#Build: Fabric Compiler 2021.4-SP1.2, Build 96435, May 30 04:40 2022
#Install: D:\pango\PDS_2021.4-SP1.2\bin
#Application name: pds_shell.exe
#OS: Windows 10 10.0.19044
#Hostname: DESKTOP-HL6DT46
Generated by Fabric Compiler (version 2021.4-SP1.2 build 96435) at Wed Sep 21 16:07:47 2022
Compiling verification operator library.
Compiling common defs.
Compiling prim grid devices.
Compiling gate devices.
Compiling gate operators.
Building architecture model.
Loading device packaging model.
I: Parameter configuration file E:/Verilog/25_ddr3_rw_top/prj/testparam.txt cannot open.
Building architecture floorplan logic view.
Executing : apply_constraint -f E:/Verilog/25_ddr3_rw_top/prj/device_map/ddr3_rw_top.pcf
Constraint check start.
Executing : def_port {pad_dq_ch0[0]} -LOC T8 -VCCIO 1.5 -IOSTANDARD SSTL15_I -DRIVE 7.5 -SLEW FAST -VREF_MODE IN -VREF_MODE_VALUE 0.5 -DDR_TERM_MODE ON -BUS_KEEPER UNUSED
Executing : def_port {pad_dq_ch0[0]} -LOC T8 -VCCIO 1.5 -IOSTANDARD SSTL15_I -DRIVE 7.5 -SLEW FAST -VREF_MODE IN -VREF_MODE_VALUE 0.5 -DDR_TERM_MODE ON -BUS_KEEPER UNUSED successfully.
Executing : def_port {pad_dq_ch0[1]} -LOC T6 -VCCIO 1.5 -IOSTANDARD SSTL15_I -DRIVE 7.5 -SLEW FAST -VREF_MODE IN -VREF_MODE_VALUE 0.5 -DDR_TERM_MODE ON -BUS_KEEPER UNUSED
Executing : def_port {pad_dq_ch0[1]} -LOC T6 -VCCIO 1.5 -IOSTANDARD SSTL15_I -DRIVE 7.5 -SLEW FAST -VREF_MODE IN -VREF_MODE_VALUE 0.5 -DDR_TERM_MODE ON -BUS_KEEPER UNUSED successfully.
Executing : def_port {pad_dq_ch0[2]} -LOC R6 -VCCIO 1.5 -IOSTANDARD SSTL15_I -DRIVE 7.5 -SLEW FAST -VREF_MODE IN -VREF_MODE_VALUE 0.5 -DDR_TERM_MODE ON -BUS_KEEPER UNUSED
Executing : def_port {pad_dq_ch0[2]} -LOC R6 -VCCIO 1.5 -IOSTANDARD SSTL15_I -DRIVE 7.5 -SLEW FAST -VREF_MODE IN -VREF_MODE_VALUE 0.5 -DDR_TERM_MODE ON -BUS_KEEPER UNUSED successfully.
Executing : def_port {pad_dq_ch0[3]} -LOC R9 -VCCIO 1.5 -IOSTANDARD SSTL15_I -DRIVE 7.5 -SLEW FAST -VREF_MODE IN -VREF_MODE_VALUE 0.5 -DDR_TERM_MODE ON -BUS_KEEPER UNUSED
Executing : def_port {pad_dq_ch0[3]} -LOC R9 -VCCIO 1.5 -IOSTANDARD SSTL15_I -DRIVE 7.5 -SLEW FAST -VREF_MODE IN -VREF_MODE_VALUE 0.5 -DDR_TERM_MODE ON -BUS_KEEPER UNUSED successfully.
Executing : def_port {pad_dq_ch0[4]} -LOC T9 -VCCIO 1.5 -IOSTANDARD SSTL15_I -DRIVE 7.5 -SLEW FAST -VREF_MODE IN -VREF_MODE_VALUE 0.5 -DDR_TERM_MODE ON -BUS_KEEPER UNUSED
Executing : def_port {pad_dq_ch0[4]} -LOC T9 -VCCIO 1.5 -IOSTANDARD SSTL15_I -DRIVE 7.5 -SLEW FAST -VREF_MODE IN -VREF_MODE_VALUE 0.5 -DDR_TERM_MODE ON -BUS_KEEPER UNUSED successfully.
Executing : def_port {pad_dq_ch0[5]} -LOC N4 -VCCIO 1.5 -IOSTANDARD SSTL15_I -DRIVE 7.5 -SLEW FAST -VREF_MODE IN -VREF_MODE_VALUE 0.5 -DDR_TERM_MODE ON -BUS_KEEPER UNUSED
Executing : def_port {pad_dq_ch0[5]} -LOC N4 -VCCIO 1.5 -IOSTANDARD SSTL15_I -DRIVE 7.5 -SLEW FAST -VREF_MODE IN -VREF_MODE_VALUE 0.5 -DDR_TERM_MODE ON -BUS_KEEPER UNUSED successfully.
Executing : def_port {pad_dq_ch0[6]} -LOC N5 -VCCIO 1.5 -IOSTANDARD SSTL15_I -DRIVE 7.5 -SLEW FAST -VREF_MODE IN -VREF_MODE_VALUE 0.5 -DDR_TERM_MODE ON -BUS_KEEPER UNUSED
Executing : def_port {pad_dq_ch0[6]} -LOC N5 -VCCIO 1.5 -IOSTANDARD SSTL15_I -DRIVE 7.5 -SLEW FAST -VREF_MODE IN -VREF_MODE_VALUE 0.5 -DDR_TERM_MODE ON -BUS_KEEPER UNUSED successfully.
Executing : def_port {pad_dq_ch0[7]} -LOC P6 -VCCIO 1.5 -IOSTANDARD SSTL15_I -DRIVE 7.5 -SLEW FAST -VREF_MODE IN -VREF_MODE_VALUE 0.5 -DDR_TERM_MODE ON -BUS_KEEPER UNUSED
Executing : def_port {pad_dq_ch0[7]} -LOC P6 -VCCIO 1.5 -IOSTANDARD SSTL15_I -DRIVE 7.5 -SLEW FAST -VREF_MODE IN -VREF_MODE_VALUE 0.5 -DDR_TERM_MODE ON -BUS_KEEPER UNUSED successfully.
Executing : def_port {pad_dq_ch0[8]} -LOC T4 -VCCIO 1.5 -IOSTANDARD SSTL15_I -DRIVE 7.5 -SLEW FAST -VREF_MODE IN -VREF_MODE_VALUE 0.5 -DDR_TERM_MODE ON -BUS_KEEPER UNUSED
Executing : def_port {pad_dq_ch0[8]} -LOC T4 -VCCIO 1.5 -IOSTANDARD SSTL15_I -DRIVE 7.5 -SLEW FAST -VREF_MODE IN -VREF_MODE_VALUE 0.5 -DDR_TERM_MODE ON -BUS_KEEPER UNUSED successfully.
Executing : def_port {pad_dq_ch0[9]} -LOC V9 -VCCIO 1.5 -IOSTANDARD SSTL15_I -DRIVE 7.5 -SLEW FAST -VREF_MODE IN -VREF_MODE_VALUE 0.5 -DDR_TERM_MODE ON -BUS_KEEPER UNUSED
Executing : def_port {pad_dq_ch0[9]} -LOC V9 -VCCIO 1.5 -IOSTANDARD SSTL15_I -DRIVE 7.5 -SLEW FAST -VREF_MODE IN -VREF_MODE_VALUE 0.5 -DDR_TERM_MODE ON -BUS_KEEPER UNUSED successfully.
Executing : def_port {pad_dq_ch0[10]} -LOC U9 -VCCIO 1.5 -IOSTANDARD SSTL15_I -DRIVE 7.5 -SLEW FAST -VREF_MODE IN -VREF_MODE_VALUE 0.5 -DDR_TERM_MODE ON -BUS_KEEPER UNUSED
Executing : def_port {pad_dq_ch0[10]} -LOC U9 -VCCIO 1.5 -IOSTANDARD SSTL15_I -DRIVE 7.5 -SLEW FAST -VREF_MODE IN -VREF_MODE_VALUE 0.5 -DDR_TERM_MODE ON -BUS_KEEPER UNUSED successfully.
Executing : def_port {pad_dq_ch0[11]} -LOC V7 -VCCIO 1.5 -IOSTANDARD SSTL15_I -DRIVE 7.5 -SLEW FAST -VREF_MODE IN -VREF_MODE_VALUE 0.5 -DDR_TERM_MODE ON -BUS_KEEPER UNUSED
Executing : def_port {pad_dq_ch0[11]} -LOC V7 -VCCIO 1.5 -IOSTANDARD SSTL15_I -DRIVE 7.5 -SLEW FAST -VREF_MODE IN -VREF_MODE_VALUE 0.5 -DDR_TERM_MODE ON -BUS_KEEPER UNUSED successfully.
Executing : def_port {pad_dq_ch0[12]} -LOC U7 -VCCIO 1.5 -IOSTANDARD SSTL15_I -DRIVE 7.5 -SLEW FAST -VREF_MODE IN -VREF_MODE_VALUE 0.5 -DDR_TERM_MODE ON -BUS_KEEPER UNUSED
Executing : def_port {pad_dq_ch0[12]} -LOC U7 -VCCIO 1.5 -IOSTANDARD SSTL15_I -DRIVE 7.5 -SLEW FAST -VREF_MODE IN -VREF_MODE_VALUE 0.5 -DDR_TERM_MODE ON -BUS_KEEPER UNUSED successfully.
Executing : def_port {pad_dq_ch0[13]} -LOC V6 -VCCIO 1.5 -IOSTANDARD SSTL15_I -DRIVE 7.5 -SLEW FAST -VREF_MODE IN -VREF_MODE_VALUE 0.5 -DDR_TERM_MODE ON -BUS_KEEPER UNUSED
Executing : def_port {pad_dq_ch0[13]} -LOC V6 -VCCIO 1.5 -IOSTANDARD SSTL15_I -DRIVE 7.5 -SLEW FAST -VREF_MODE IN -VREF_MODE_VALUE 0.5 -DDR_TERM_MODE ON -BUS_KEEPER UNUSED successfully.
Executing : def_port {pad_dq_ch0[14]} -LOC U6 -VCCIO 1.5 -IOSTANDARD SSTL15_I -DRIVE 7.5 -SLEW FAST -VREF_MODE IN -VREF_MODE_VALUE 0.5 -DDR_TERM_MODE ON -BUS_KEEPER UNUSED
Executing : def_port {pad_dq_ch0[14]} -LOC U6 -VCCIO 1.5 -IOSTANDARD SSTL15_I -DRIVE 7.5 -SLEW FAST -VREF_MODE IN -VREF_MODE_VALUE 0.5 -DDR_TERM_MODE ON -BUS_KEEPER UNUSED successfully.
Executing : def_port {pad_dq_ch0[15]} -LOC V5 -VCCIO 1.5 -IOSTANDARD SSTL15_I -DRIVE 7.5 -SLEW FAST -VREF_MODE IN -VREF_MODE_VALUE 0.5 -DDR_TERM_MODE ON -BUS_KEEPER UNUSED
Executing : def_port {pad_dq_ch0[15]} -LOC V5 -VCCIO 1.5 -IOSTANDARD SSTL15_I -DRIVE 7.5 -SLEW FAST -VREF_MODE IN -VREF_MODE_VALUE 0.5 -DDR_TERM_MODE ON -BUS_KEEPER UNUSED successfully.
Executing : def_port {pad_dqs_ch0[0]} -LOC N6 -VCCIO 1.5 -IOSTANDARD SSTL15D_I -DRIVE 7.5 -SLEW FAST -DDR_TERM_MODE ON -BUS_KEEPER UNUSED
Executing : def_port {pad_dqs_ch0[0]} -LOC N6 -VCCIO 1.5 -IOSTANDARD SSTL15D_I -DRIVE 7.5 -SLEW FAST -DDR_TERM_MODE ON -BUS_KEEPER UNUSED successfully.
Executing : def_port {pad_dqs_ch0[1]} -LOC U8 -VCCIO 1.5 -IOSTANDARD SSTL15D_I -DRIVE 7.5 -SLEW FAST -DDR_TERM_MODE ON -BUS_KEEPER UNUSED
Executing : def_port {pad_dqs_ch0[1]} -LOC U8 -VCCIO 1.5 -IOSTANDARD SSTL15D_I -DRIVE 7.5 -SLEW FAST -DDR_TERM_MODE ON -BUS_KEEPER UNUSED successfully.
Executing : def_port {pad_dqsn_ch0[0]} -LOC N7 -VCCIO 1.5 -IOSTANDARD SSTL15D_I -DRIVE 7.5 -SLEW FAST -DDR_TERM_MODE ON -BUS_KEEPER UNUSED
Executing : def_port {pad_dqsn_ch0[0]} -LOC N7 -VCCIO 1.5 -IOSTANDARD SSTL15D_I -DRIVE 7.5 -SLEW FAST -DDR_TERM_MODE ON -BUS_KEEPER UNUSED successfully.
Executing : def_port {pad_dqsn_ch0[1]} -LOC V8 -VCCIO 1.5 -IOSTANDARD SSTL15D_I -DRIVE 7.5 -SLEW FAST -DDR_TERM_MODE ON -BUS_KEEPER UNUSED
Executing : def_port {pad_dqsn_ch0[1]} -LOC V8 -VCCIO 1.5 -IOSTANDARD SSTL15D_I -DRIVE 7.5 -SLEW FAST -DDR_TERM_MODE ON -BUS_KEEPER UNUSED successfully.
Executing : def_port led_ddr_init_done -LOC F3 -VCCIO 1.5 -IOSTANDARD SSTL15_I -DRIVE 7.5 -SLEW SLOW -BUS_KEEPER NONE
Executing : def_port led_ddr_init_done -LOC F3 -VCCIO 1.5 -IOSTANDARD SSTL15_I -DRIVE 7.5 -SLEW SLOW -BUS_KEEPER NONE successfully.
Executing : def_port led_error -LOC J6 -VCCIO 1.5 -IOSTANDARD SSTL15_I -DRIVE 7.5 -SLEW SLOW -BUS_KEEPER NONE
Executing : def_port led_error -LOC J6 -VCCIO 1.5 -IOSTANDARD SSTL15_I -DRIVE 7.5 -SLEW SLOW -BUS_KEEPER NONE successfully.
Executing : def_port {pad_addr_ch0[0]} -LOC M4 -VCCIO 1.5 -IOSTANDARD SSTL15_I -DRIVE 7.5 -SLEW FAST -BUS_KEEPER UNUSED
Executing : def_port {pad_addr_ch0[0]} -LOC M4 -VCCIO 1.5 -IOSTANDARD SSTL15_I -DRIVE 7.5 -SLEW FAST -BUS_KEEPER UNUSED successfully.
Executing : def_port {pad_addr_ch0[1]} -LOC M3 -VCCIO 1.5 -IOSTANDARD SSTL15_I -DRIVE 7.5 -SLEW FAST -BUS_KEEPER UNUSED
Executing : def_port {pad_addr_ch0[1]} -LOC M3 -VCCIO 1.5 -IOSTANDARD SSTL15_I -DRIVE 7.5 -SLEW FAST -BUS_KEEPER UNUSED successfully.
Executing : def_port {pad_addr_ch0[2]} -LOC P2 -VCCIO 1.5 -IOSTANDARD SSTL15_I -DRIVE 7.5 -SLEW FAST -BUS_KEEPER UNUSED
Executing : def_port {pad_addr_ch0[2]} -LOC P2 -VCCIO 1.5 -IOSTANDARD SSTL15_I -DRIVE 7.5 -SLEW FAST -BUS_KEEPER UNUSED successfully.
Executing : def_port {pad_addr_ch0[3]} -LOC P1 -VCCIO 1.5 -IOSTANDARD SSTL15_I -DRIVE 7.5 -SLEW FAST -BUS_KEEPER UNUSED
Executing : def_port {pad_addr_ch0[3]} -LOC P1 -VCCIO 1.5 -IOSTANDARD SSTL15_I -DRIVE 7.5 -SLEW FAST -BUS_KEEPER UNUSED successfully.
Executing : def_port {pad_addr_ch0[4]} -LOC L5 -VCCIO 1.5 -IOSTANDARD SSTL15_I -DRIVE 7.5 -SLEW FAST -BUS_KEEPER UNUSED
Executing : def_port {pad_addr_ch0[4]} -LOC L5 -VCCIO 1.5 -IOSTANDARD SSTL15_I -DRIVE 7.5 -SLEW FAST -BUS_KEEPER UNUSED successfully.
Executing : def_port {pad_addr_ch0[5]} -LOC M5 -VCCIO 1.5 -IOSTANDARD SSTL15_I -DRIVE 7.5 -SLEW FAST -BUS_KEEPER UNUSED
Executing : def_port {pad_addr_ch0[5]} -LOC M5 -VCCIO 1.5 -IOSTANDARD SSTL15_I -DRIVE 7.5 -SLEW FAST -BUS_KEEPER UNUSED successfully.
Executing : def_port {pad_addr_ch0[6]} -LOC N2 -VCCIO 1.5 -IOSTANDARD SSTL15_I -DRIVE 7.5 -SLEW FAST -BUS_KEEPER UNUSED
Executing : def_port {pad_addr_ch0[6]} -LOC N2 -VCCIO 1.5 -IOSTANDARD SSTL15_I -DRIVE 7.5 -SLEW FAST -BUS_KEEPER UNUSED successfully.
Executing : def_port {pad_addr_ch0[7]} -LOC N1 -VCCIO 1.5 -IOSTANDARD SSTL15_I -DRIVE 7.5 -SLEW FAST -BUS_KEEPER UNUSED
Executing : def_port {pad_addr_ch0[7]} -LOC N1 -VCCIO 1.5 -IOSTANDARD SSTL15_I -DRIVE 7.5 -SLEW FAST -BUS_KEEPER UNUSED successfully.
Executing : def_port {pad_addr_ch0[8]} -LOC K4 -VCCIO 1.5 -IOSTANDARD SSTL15_I -DRIVE 7.5 -SLEW FAST -BUS_KEEPER UNUSED
Executing : def_port {pad_addr_ch0[8]} -LOC K4 -VCCIO 1.5 -IOSTANDARD SSTL15_I -DRIVE 7.5 -SLEW FAST -BUS_KEEPER UNUSED successfully.
Executing : def_port {pad_addr_ch0[9]} -LOC M1 -VCCIO 1.5 -IOSTANDARD SSTL15_I -DRIVE 7.5 -SLEW FAST -BUS_KEEPER UNUSED
Executing : def_port {pad_addr_ch0[9]} -LOC M1 -VCCIO 1.5 -IOSTANDARD SSTL15_I -DRIVE 7.5 -SLEW FAST -BUS_KEEPER UNUSED successfully.
Executing : def_port {pad_addr_ch0[10]} -LOC M6 -VCCIO 1.5 -IOSTANDARD SSTL15_I -DRIVE 7.5 -SLEW FAST -BUS_KEEPER UNUSED
Executing : def_port {pad_addr_ch0[10]} -LOC M6 -VCCIO 1.5 -IOSTANDARD SSTL15_I -DRIVE 7.5 -SLEW FAST -BUS_KEEPER UNUSED successfully.
Executing : def_port {pad_addr_ch0[11]} -LOC L1 -VCCIO 1.5 -IOSTANDARD SSTL15_I -DRIVE 7.5 -SLEW FAST -BUS_KEEPER UNUSED
Executing : def_port {pad_addr_ch0[11]} -LOC L1 -VCCIO 1.5 -IOSTANDARD SSTL15_I -DRIVE 7.5 -SLEW FAST -BUS_KEEPER UNUSED successfully.
Executing : def_port {pad_addr_ch0[12]} -LOC K2 -VCCIO 1.5 -IOSTANDARD SSTL15_I -DRIVE 7.5 -SLEW FAST -BUS_KEEPER UNUSED
Executing : def_port {pad_addr_ch0[12]} -LOC K2 -VCCIO 1.5 -IOSTANDARD SSTL15_I -DRIVE 7.5 -SLEW FAST -BUS_KEEPER UNUSED successfully.
Executing : def_port {pad_addr_ch0[13]} -LOC K1 -VCCIO 1.5 -IOSTANDARD SSTL15_I -DRIVE 7.5 -SLEW FAST -BUS_KEEPER UNUSED
Executing : def_port {pad_addr_ch0[13]} -LOC K1 -VCCIO 1.5 -IOSTANDARD SSTL15_I -DRIVE 7.5 -SLEW FAST -BUS_KEEPER UNUSED successfully.
Executing : def_port {pad_addr_ch0[14]} -LOC J2 -VCCIO 1.5 -IOSTANDARD SSTL15_I -DRIVE 7.5 -SLEW FAST -BUS_KEEPER UNUSED
Executing : def_port {pad_addr_ch0[14]} -LOC J2 -VCCIO 1.5 -IOSTANDARD SSTL15_I -DRIVE 7.5 -SLEW FAST -BUS_KEEPER UNUSED successfully.
Executing : def_port {pad_addr_ch0[15]} -LOC J1 -VCCIO 1.5 -IOSTANDARD SSTL15_I -DRIVE 7.5 -SLEW FAST -BUS_KEEPER UNUSED
Executing : def_port {pad_addr_ch0[15]} -LOC J1 -VCCIO 1.5 -IOSTANDARD SSTL15_I -DRIVE 7.5 -SLEW FAST -BUS_KEEPER UNUSED successfully.
Executing : def_port {pad_ba_ch0[0]} -LOC U2 -VCCIO 1.5 -IOSTANDARD SSTL15_I -DRIVE 7.5 -SLEW FAST -BUS_KEEPER UNUSED
Executing : def_port {pad_ba_ch0[0]} -LOC U2 -VCCIO 1.5 -IOSTANDARD SSTL15_I -DRIVE 7.5 -SLEW FAST -BUS_KEEPER UNUSED successfully.
Executing : def_port {pad_ba_ch0[1]} -LOC U1 -VCCIO 1.5 -IOSTANDARD SSTL15_I -DRIVE 7.5 -SLEW FAST -BUS_KEEPER UNUSED
Executing : def_port {pad_ba_ch0[1]} -LOC U1 -VCCIO 1.5 -IOSTANDARD SSTL15_I -DRIVE 7.5 -SLEW FAST -BUS_KEEPER UNUSED successfully.
Executing : def_port {pad_ba_ch0[2]} -LOC T2 -VCCIO 1.5 -IOSTANDARD SSTL15_I -DRIVE 7.5 -SLEW FAST -BUS_KEEPER UNUSED
Executing : def_port {pad_ba_ch0[2]} -LOC T2 -VCCIO 1.5 -IOSTANDARD SSTL15_I -DRIVE 7.5 -SLEW FAST -BUS_KEEPER UNUSED successfully.
Executing : def_port pad_casn_ch0 -LOC T1 -VCCIO 1.5 -IOSTANDARD SSTL15_I -DRIVE 7.5 -SLEW FAST -BUS_KEEPER UNUSED
Executing : def_port pad_casn_ch0 -LOC T1 -VCCIO 1.5 -IOSTANDARD SSTL15_I -DRIVE 7.5 -SLEW FAST -BUS_KEEPER UNUSED successfully.
Executing : def_port pad_cke_ch0 -LOC L4 -VCCIO 1.5 -IOSTANDARD SSTL15_I -DRIVE 7.5 -SLEW FAST -BUS_KEEPER UNUSED
Executing : def_port pad_cke_ch0 -LOC L4 -VCCIO 1.5 -IOSTANDARD SSTL15_I -DRIVE 7.5 -SLEW FAST -BUS_KEEPER UNUSED successfully.
Executing : def_port pad_csn_ch0 -LOC R1 -VCCIO 1.5 -IOSTANDARD SSTL15_I -DRIVE 7.5 -SLEW FAST -BUS_KEEPER UNUSED
Executing : def_port pad_csn_ch0 -LOC R1 -VCCIO 1.5 -IOSTANDARD SSTL15_I -DRIVE 7.5 -SLEW FAST -BUS_KEEPER UNUSED successfully.
Executing : def_port pad_ddr_clk_w -LOC U3 -VCCIO 1.5 -IOSTANDARD SSTL15D_I -DRIVE 7.5 -SLEW FAST -BUS_KEEPER UNUSED
Executing : def_port pad_ddr_clk_w -LOC U3 -VCCIO 1.5 -IOSTANDARD SSTL15D_I -DRIVE 7.5 -SLEW FAST -BUS_KEEPER UNUSED successfully.
Executing : def_port pad_ddr_clkn_w -LOC V3 -VCCIO 1.5 -IOSTANDARD SSTL15D_I -DRIVE 7.5 -SLEW FAST -BUS_KEEPER UNUSED
Executing : def_port pad_ddr_clkn_w -LOC V3 -VCCIO 1.5 -IOSTANDARD SSTL15D_I -DRIVE 7.5 -SLEW FAST -BUS_KEEPER UNUSED successfully.
Executing : def_port {pad_dm_rdqs_ch0[0]} -LOC R8 -VCCIO 1.5 -IOSTANDARD SSTL15_I -DRIVE 7.5 -SLEW FAST -BUS_KEEPER UNUSED
Executing : def_port {pad_dm_rdqs_ch0[0]} -LOC R8 -VCCIO 1.5 -IOSTANDARD SSTL15_I -DRIVE 7.5 -SLEW FAST -BUS_KEEPER UNUSED successfully.
Executing : def_port {pad_dm_rdqs_ch0[1]} -LOC U5 -VCCIO 1.5 -IOSTANDARD SSTL15_I -DRIVE 7.5 -SLEW FAST -BUS_KEEPER UNUSED
Executing : def_port {pad_dm_rdqs_ch0[1]} -LOC U5 -VCCIO 1.5 -IOSTANDARD SSTL15_I -DRIVE 7.5 -SLEW FAST -BUS_KEEPER UNUSED successfully.
Executing : def_port pad_loop_out -LOC P8 -VCCIO 1.5 -IOSTANDARD SSTL15_I -DRIVE 7.5 -SLEW FAST -BUS_KEEPER UNUSED
Executing : def_port pad_loop_out -LOC P8 -VCCIO 1.5 -IOSTANDARD SSTL15_I -DRIVE 7.5 -SLEW FAST -BUS_KEEPER UNUSED successfully.
Executing : def_port pad_loop_out_h -LOC U4 -VCCIO 1.5 -IOSTANDARD SSTL15_I -DRIVE 7.5 -SLEW FAST -BUS_KEEPER UNUSED
Executing : def_port pad_loop_out_h -LOC U4 -VCCIO 1.5 -IOSTANDARD SSTL15_I -DRIVE 7.5 -SLEW FAST -BUS_KEEPER UNUSED successfully.
Executing : def_port pad_odt_ch0 -LOC V2 -VCCIO 1.5 -IOSTANDARD SSTL15_I -DRIVE 7.5 -SLEW FAST -BUS_KEEPER UNUSED
Executing : def_port pad_odt_ch0 -LOC V2 -VCCIO 1.5 -IOSTANDARD SSTL15_I -DRIVE 7.5 -SLEW FAST -BUS_KEEPER UNUSED successfully.
Executing : def_port pad_rasn_ch0 -LOC R2 -VCCIO 1.5 -IOSTANDARD SSTL15_I -DRIVE 7.5 -SLEW FAST -BUS_KEEPER UNUSED
Executing : def_port pad_rasn_ch0 -LOC R2 -VCCIO 1.5 -IOSTANDARD SSTL15_I -DRIVE 7.5 -SLEW FAST -BUS_KEEPER UNUSED successfully.
Executing : def_port pad_rstn_ch0 -LOC M2 -VCCIO 1.5 -IOSTANDARD SSTL15_I -DRIVE 7.5 -SLEW FAST -BUS_KEEPER UNUSED
Executing : def_port pad_rstn_ch0 -LOC M2 -VCCIO 1.5 -IOSTANDARD SSTL15_I -DRIVE 7.5 -SLEW FAST -BUS_KEEPER UNUSED successfully.
Executing : def_port pad_wen_ch0 -LOC V1 -VCCIO 1.5 -IOSTANDARD SSTL15_I -DRIVE 7.5 -SLEW FAST -BUS_KEEPER UNUSED
Executing : def_port pad_wen_ch0 -LOC V1 -VCCIO 1.5 -IOSTANDARD SSTL15_I -DRIVE 7.5 -SLEW FAST -BUS_KEEPER UNUSED successfully.
Executing : def_port pad_loop_in -LOC P7 -VCCIO 1.5 -IOSTANDARD SSTL15_I -VREF_MODE IN -VREF_MODE_VALUE 0.5 -DDR_TERM_MODE ON -BUS_KEEPER UNUSED
Executing : def_port pad_loop_in -LOC P7 -VCCIO 1.5 -IOSTANDARD SSTL15_I -VREF_MODE IN -VREF_MODE_VALUE 0.5 -DDR_TERM_MODE ON -BUS_KEEPER UNUSED successfully.
Executing : def_port pad_loop_in_h -LOC V4 -VCCIO 1.5 -IOSTANDARD SSTL15_I -VREF_MODE IN -VREF_MODE_VALUE 0.5 -DDR_TERM_MODE ON -BUS_KEEPER UNUSED
Executing : def_port pad_loop_in_h -LOC V4 -VCCIO 1.5 -IOSTANDARD SSTL15_I -VREF_MODE IN -VREF_MODE_VALUE 0.5 -DDR_TERM_MODE ON -BUS_KEEPER UNUSED successfully.
Executing : def_port sys_clk -LOC B5 -VCCIO 3.3 -IOSTANDARD LVCMOS33 -BUS_KEEPER PULLUP
Executing : def_port sys_clk -LOC B5 -VCCIO 3.3 -IOSTANDARD LVCMOS33 -BUS_KEEPER PULLUP successfully.
Executing : def_port sys_rst_n -LOC G5 -VCCIO 1.5 -IOSTANDARD SSTL15_I -BUS_KEEPER PULLUP
Executing : def_port sys_rst_n -LOC G5 -VCCIO 1.5 -IOSTANDARD SSTL15_I -BUS_KEEPER PULLUP successfully.
Executing : def_inst_site u_ddr3_top/u_ddr3_ip/u_pll_50_400/u_pll_e1/goppll PLL_82_71
Executing : def_inst_site u_ddr3_top/u_ddr3_ip/u_pll_50_400/u_pll_e1/goppll PLL_82_71 successfully.
Constraint check end.
Executing : apply_constraint -f E:/Verilog/25_ddr3_rw_top/prj/device_map/ddr3_rw_top.pcf successfully.
I: Column Clock Check close.

Placement started.
Pre global placement started.
Mapping instance u_ddr3_top/u_ddr3_ip/u_ipsl_hmic_h_phy_top/u_phy_io/u_gtp_ddrphy/gateop_DDRC to HMEMC_16_1.
Mapping instance u_ddr3_top/u_ddr3_ip/u_ipsl_hmic_h_phy_top/u_phy_io/dqs2_dut/opit_0 to DQSL_6_96.
Mapping instance u_ddr3_top/u_ddr3_ip/u_ipsl_hmic_h_phy_top/u_phy_io/dqs0_dut/opit_0 to DQSL_6_24.
Mapping instance u_ddr3_top/u_ddr3_ip/u_ipsl_hmic_h_phy_top/u_phy_io/dll_hmemc_dut/gopdll to DLL_7_59.
Mapping instance u_ddr3_top/u_ddr3_ip/u_ipsl_hmic_h_phy_top/u_phy_io/dqs1_dut/opit_0 to DQSL_6_52.
Mapping instance u_ddr3_top/u_ddr3_ip/u_ipsl_hmic_h_phy_top/u_phy_io/dqs3_dut/opit_0 to DQSL_6_148.
Mapping instance u_ddr3_top/u_ddr3_ip/u_ipsl_hmic_h_phy_top/u_phy_io/dqs4_dut/opit_0 to DQSL_6_176.
Mapping instance u_ddr3_top/u_ddr3_ip/u_ipsl_hmic_h_phy_top/u_phy_io/ioclkdiv_dut/gopclkdiv to IOCKDIV_6_64.
Wirelength after clock region placement is 28835.
Mapping instance u_ddr3_top/u_ddr3_ip/u_ipsl_hmic_h_phy_top/u_phy_io/ioclkbuf01_dut/gopclkgate to IOCKGATE_6_56.
Mapping instance u_ddr3_top/u_ddr3_ip/u_ipsl_hmic_h_phy_top/u_phy_io/ioclkbuf02_dut/gopclkgate to IOCKGATE_6_181.
Mapping instance clkbufg_1/gopclkbufg to USCM_74_104.
Mapping instance clkbufg_2/gopclkbufg to USCM_74_105.
Mapping instance clkbufg_0/gopclkbufg to USCM_74_106.
Pre global placement takes 1.78 sec.

Global placement started.
Run super clustering :
	Initial slack -1143.
	2 iterations finished.
	Final slack 197.
Super clustering done.
Design Utilization : 6%.
Wirelength after global placement is 27527.
Global placement takes 0.72 sec.

Post global placement started.
Placed fixed group with base inst led_ddr_init_done_obuf/opit_1 on IOL_7_229.
Placed fixed group with base inst led_error_obuf/opit_1 on IOL_7_226.
Placed fixed group with base inst sys_clk_ibuf/opit_1 on IOL_7_298.
Placed fixed group with base inst sys_rst_n_ibuf/opit_1 on IOL_7_241.
Placed fixed group with base inst u_ddr3_top/u_ddr3_ip/u_ipsl_hmic_h_phy_top/u_phy_io/genblk2.iob_08_09_dut/opit_2_O on IOL_7_22.
Placed fixed group with base inst u_ddr3_top/u_ddr3_ip/u_ipsl_hmic_h_phy_top/u_phy_io/genblk3.iob_30_31_dut/opit_2_O on IOL_7_102.
Placed fixed group with base inst u_ddr3_top/u_ddr3_ip/u_ipsl_hmic_h_phy_top/u_phy_io/iob_00_dut/opit_0_iol on IOL_7_5.
Placed fixed group with base inst u_ddr3_top/u_ddr3_ip/u_ipsl_hmic_h_phy_top/u_phy_io/iob_01_dut/opit_1 on IOL_7_6.
Placed fixed group with base inst u_ddr3_top/u_ddr3_ip/u_ipsl_hmic_h_phy_top/u_phy_io/iob_02_dut/opit_1_IOL on IOL_7_9.
Placed fixed group with base inst u_ddr3_top/u_ddr3_ip/u_ipsl_hmic_h_phy_top/u_phy_io/iob_16_17_dut/opit_3_IOL on IOL_7_46.
Placed fixed group with base inst u_ddr3_top/u_ddr3_ip/u_ipsl_hmic_h_phy_top/u_phy_io/iob_18_dut/opit_1_IOL on IOL_7_49.
Placed fixed group with base inst u_ddr3_top/u_ddr3_ip/u_ipsl_hmic_h_phy_top/u_phy_io/iob_19_dut/opit_1_IOL on IOL_7_50.
Placed fixed group with base inst u_ddr3_top/u_ddr3_ip/u_ipsl_hmic_h_phy_top/u_phy_io/iob_20_dut/opit_1_IOL on IOL_7_73.
Placed fixed group with base inst u_ddr3_top/u_ddr3_ip/u_ipsl_hmic_h_phy_top/u_phy_io/iob_21_dut/opit_1_IOL on IOL_7_74.
Placed fixed group with base inst u_ddr3_top/u_ddr3_ip/u_ipsl_hmic_h_phy_top/u_phy_io/iob_22_dut/opit_1_IOL on IOL_7_77.
Placed fixed group with base inst u_ddr3_top/u_ddr3_ip/u_ipsl_hmic_h_phy_top/u_phy_io/iob_23_dut/opit_1_IOL on IOL_7_78.
Placed fixed group with base inst u_ddr3_top/u_ddr3_ip/u_ipsl_hmic_h_phy_top/u_phy_io/iob_24_dut/opit_1_IOL on IOL_7_81.
Placed fixed group with base inst u_ddr3_top/u_ddr3_ip/u_ipsl_hmic_h_phy_top/u_phy_io/iob_25_dut/opit_1_IOL on IOL_7_82.
Placed fixed group with base inst u_ddr3_top/u_ddr3_ip/u_ipsl_hmic_h_phy_top/u_phy_io/iob_37_dut/opit_1_IOL on IOL_7_114.
Placed fixed group with base inst u_ddr3_top/u_ddr3_ip/u_ipsl_hmic_h_phy_top/u_phy_io/iob_38_dut/opit_0_iol on IOL_7_117.
Placed fixed group with base inst u_ddr3_top/u_ddr3_ip/u_ipsl_hmic_h_phy_top/u_phy_io/iob_39_dut/opit_1 on IOL_7_118.
Placed fixed group with base inst u_ddr3_top/u_ddr3_ip/u_ipsl_hmic_h_phy_top/u_phy_io/iob_40_dut/opit_1_IOL on IOL_7_129.
Placed fixed group with base inst u_ddr3_top/u_ddr3_ip/u_ipsl_hmic_h_phy_top/u_phy_io/iob_41_dut/opit_1_IOL on IOL_7_130.
Placed fixed group with base inst u_ddr3_top/u_ddr3_ip/u_ipsl_hmic_h_phy_top/u_phy_io/iob_42_dut/opit_1_IOL on IOL_7_133.
Placed fixed group with base inst u_ddr3_top/u_ddr3_ip/u_ipsl_hmic_h_phy_top/u_phy_io/iob_43_dut/opit_1_IOL on IOL_7_134.
Placed fixed group with base inst u_ddr3_top/u_ddr3_ip/u_ipsl_hmic_h_phy_top/u_phy_io/iob_44_dut/opit_1_IOL on IOL_7_137.
Placed fixed group with base inst u_ddr3_top/u_ddr3_ip/u_ipsl_hmic_h_phy_top/u_phy_io/iob_45_dut/opit_1_IOL on IOL_7_138.
Placed fixed group with base inst u_ddr3_top/u_ddr3_ip/u_ipsl_hmic_h_phy_top/u_phy_io/iob_46_dut/opit_1_IOL on IOL_7_141.
Placed fixed group with base inst u_ddr3_top/u_ddr3_ip/u_ipsl_hmic_h_phy_top/u_phy_io/iob_47_dut/opit_1_IOL on IOL_7_142.
Placed fixed group with base inst u_ddr3_top/u_ddr3_ip/u_ipsl_hmic_h_phy_top/u_phy_io/iob_48_dut/opit_1_IOL on IOL_7_145.
Placed fixed group with base inst u_ddr3_top/u_ddr3_ip/u_ipsl_hmic_h_phy_top/u_phy_io/iob_49_dut/opit_1_IOL on IOL_7_146.
Placed fixed group with base inst u_ddr3_top/u_ddr3_ip/u_ipsl_hmic_h_phy_top/u_phy_io/iob_50_dut/opit_1 on IOL_7_157.
Placed fixed group with base inst u_ddr3_top/u_ddr3_ip/u_ipsl_hmic_h_phy_top/u_phy_io/iob_51_dut/opit_1_IOL on IOL_7_158.
Placed fixed group with base inst u_ddr3_top/u_ddr3_ip/u_ipsl_hmic_h_phy_top/u_phy_io/iob_52_dut/opit_1_IOL on IOL_7_161.
Placed fixed group with base inst u_ddr3_top/u_ddr3_ip/u_ipsl_hmic_h_phy_top/u_phy_io/iob_55_dut/opit_1_IOL on IOL_7_166.
Placed fixed group with base inst u_ddr3_top/u_ddr3_ip/u_ipsl_hmic_h_phy_top/u_phy_io/iob_56_dut/opit_1_IOL on IOL_7_169.
Placed fixed group with base inst u_ddr3_top/u_ddr3_ip/u_ipsl_hmic_h_phy_top/u_phy_io/iob_57_dut/opit_1_IOL on IOL_7_170.
Placed fixed group with base inst u_ddr3_top/u_ddr3_ip/u_ipsl_hmic_h_phy_top/u_phy_io/iob_58_dut/opit_1_IOL on IOL_7_173.
Placed fixed group with base inst u_ddr3_top/u_ddr3_ip/u_ipsl_hmic_h_phy_top/u_phy_io/iob_59_dut/opit_1_IOL on IOL_7_174.
Placed fixed group with base inst u_ddr3_top/u_ddr3_ip/u_ipsl_hmic_h_phy_top/u_phy_io/iol_iddr3_dut/gateop_inv_IO on IOL_7_10.
Placed fixed group with base inst u_ddr3_top/u_ddr3_ip/u_ipsl_hmic_h_phy_top/u_phy_io/iol_iddr4_dut/gateop_inv_IO on IOL_7_13.
Placed fixed group with base inst u_ddr3_top/u_ddr3_ip/u_ipsl_hmic_h_phy_top/u_phy_io/iol_iddr5_dut/gateop_inv_IO on IOL_7_14.
Placed fixed group with base inst u_ddr3_top/u_ddr3_ip/u_ipsl_hmic_h_phy_top/u_phy_io/iol_iddr6_dut/gateop_inv_IO on IOL_7_17.
Placed fixed group with base inst u_ddr3_top/u_ddr3_ip/u_ipsl_hmic_h_phy_top/u_phy_io/iol_iddr7_dut/gateop_inv_IO on IOL_7_18.
Placed fixed group with base inst u_ddr3_top/u_ddr3_ip/u_ipsl_hmic_h_phy_top/u_phy_io/iol_iddr10_dut/gateop_inv_IO on IOL_7_33.
Placed fixed group with base inst u_ddr3_top/u_ddr3_ip/u_ipsl_hmic_h_phy_top/u_phy_io/iol_iddr11_dut/gateop_inv_IO on IOL_7_34.
Placed fixed group with base inst u_ddr3_top/u_ddr3_ip/u_ipsl_hmic_h_phy_top/u_phy_io/iol_iddr12_dut/gateop_inv_IO on IOL_7_37.
Placed fixed group with base inst u_ddr3_top/u_ddr3_ip/u_ipsl_hmic_h_phy_top/u_phy_io/iol_iddr27_dut/gateop_inv_IO on IOL_7_86.
Placed fixed group with base inst u_ddr3_top/u_ddr3_ip/u_ipsl_hmic_h_phy_top/u_phy_io/iol_iddr28_dut/gateop_inv_IO on IOL_7_89.
Placed fixed group with base inst u_ddr3_top/u_ddr3_ip/u_ipsl_hmic_h_phy_top/u_phy_io/iol_iddr29_dut/gateop_inv_IO on IOL_7_90.
Placed fixed group with base inst u_ddr3_top/u_ddr3_ip/u_ipsl_hmic_h_phy_top/u_phy_io/iol_iddr32_dut/gateop_inv_IO on IOL_7_105.
Placed fixed group with base inst u_ddr3_top/u_ddr3_ip/u_ipsl_hmic_h_phy_top/u_phy_io/iol_iddr33_dut/gateop_inv_IO on IOL_7_106.
Placed fixed group with base inst u_ddr3_top/u_ddr3_ip/u_ipsl_hmic_h_phy_top/u_phy_io/iol_iddr34_dut/gateop_inv_IO on IOL_7_109.
Placed fixed group with base inst u_ddr3_top/u_ddr3_ip/u_ipsl_hmic_h_phy_top/u_phy_io/iol_iddr35_dut/gateop_inv_IO on IOL_7_110.
Placed fixed group with base inst u_ddr3_top/u_ddr3_ip/u_ipsl_hmic_h_phy_top/u_phy_io/iol_iddr36_dut/gateop_inv_IO on IOL_7_113.
Placed fixed instance clkbufg_0/gopclkbufg on USCM_74_106.
Placed fixed instance clkbufg_1/gopclkbufg on USCM_74_104.
Placed fixed instance clkbufg_2/gopclkbufg on USCM_74_105.
Placed fixed instance u_ddr3_top/u_ddr3_ip/u_ipsl_hmic_h_phy_top/u_phy_io/dll_hmemc_dut/gopdll on DLL_7_59.
Placed fixed instance u_ddr3_top/u_ddr3_ip/u_ipsl_hmic_h_phy_top/u_phy_io/dqs0_dut/opit_0 on DQSL_6_24.
Placed fixed instance u_ddr3_top/u_ddr3_ip/u_ipsl_hmic_h_phy_top/u_phy_io/dqs1_dut/opit_0 on DQSL_6_52.
Placed fixed instance u_ddr3_top/u_ddr3_ip/u_ipsl_hmic_h_phy_top/u_phy_io/dqs2_dut/opit_0 on DQSL_6_96.
Placed fixed instance u_ddr3_top/u_ddr3_ip/u_ipsl_hmic_h_phy_top/u_phy_io/dqs3_dut/opit_0 on DQSL_6_148.
Placed fixed instance u_ddr3_top/u_ddr3_ip/u_ipsl_hmic_h_phy_top/u_phy_io/dqs4_dut/opit_0 on DQSL_6_176.
Placed fixed instance u_ddr3_top/u_ddr3_ip/u_ipsl_hmic_h_phy_top/u_phy_io/ioclkbuf01_dut/gopclkgate on IOCKGATE_6_56.
Placed fixed instance u_ddr3_top/u_ddr3_ip/u_ipsl_hmic_h_phy_top/u_phy_io/ioclkbuf02_dut/gopclkgate on IOCKGATE_6_181.
Placed fixed instance u_ddr3_top/u_ddr3_ip/u_ipsl_hmic_h_phy_top/u_phy_io/ioclkdiv_dut/gopclkdiv on IOCKDIV_6_64.
Placed fixed instance u_ddr3_top/u_ddr3_ip/u_ipsl_hmic_h_phy_top/u_phy_io/u_gtp_ddrphy/gateop_DDRC on HMEMC_16_1.
Placed fixed instance u_ddr3_top/u_ddr3_ip/u_pll_50_400/u_pll_e1/goppll on PLL_82_71.
Placed fixed instance BKCL_auto_0 on BKCL_2_268.
Placed fixed instance BKCL_auto_1 on BKCL_2_144.
Placed fixed instance BKCL_auto_2 on BKCL_2_20.
Placed instance u_ddr3_top/u_ddr3_ip/u_ipsl_hmic_h_phy_top/u_phy_io/dll_hmemc_dut/gopdll(gopDLL) on DLL_7_59, and placed u_ddr3_top/u_ddr3_ip/u_ipsl_hmic_h_phy_top/u_phy_io/dqs0_dut/opit_0(gopDQS_DDC) on DQSL_6_24.
Placed instance u_ddr3_top/u_ddr3_ip/u_ipsl_hmic_h_phy_top/u_phy_io/dll_hmemc_dut/gopdll(gopDLL) on DLL_7_59, and placed u_ddr3_top/u_ddr3_ip/u_ipsl_hmic_h_phy_top/u_phy_io/dqs1_dut/opit_0(gopDQS_DDC) on DQSL_6_52.
Placed instance u_ddr3_top/u_ddr3_ip/u_ipsl_hmic_h_phy_top/u_phy_io/dll_hmemc_dut/gopdll(gopDLL) on DLL_7_59, and placed u_ddr3_top/u_ddr3_ip/u_ipsl_hmic_h_phy_top/u_phy_io/dqs2_dut/opit_0(gopDQS_DDC) on DQSL_6_96.
Placed instance u_ddr3_top/u_ddr3_ip/u_ipsl_hmic_h_phy_top/u_phy_io/dll_hmemc_dut/gopdll(gopDLL) on DLL_7_59, and placed u_ddr3_top/u_ddr3_ip/u_ipsl_hmic_h_phy_top/u_phy_io/dqs3_dut/opit_0(gopDQS_DDC) on DQSL_6_148.
Placed instance u_ddr3_top/u_ddr3_ip/u_ipsl_hmic_h_phy_top/u_phy_io/dll_hmemc_dut/gopdll(gopDLL) on DLL_7_59, and placed u_ddr3_top/u_ddr3_ip/u_ipsl_hmic_h_phy_top/u_phy_io/dqs4_dut/opit_0(gopDQS_DDC) on DQSL_6_176.
Forbidden IOL_7_38.
Forbidden IOL_7_41.
Forbidden IOL_7_42.
Forbidden IOL_7_85.
Forbidden IOL_7_162.
Forbidden IOL_7_165.
I: The IO driver of u_ddr3_top/u_ddr3_ip/u_pll_50_400/u_pll_e1/goppll(CLKIN1) is not constraint at pllpad, its clock path will pass through SRB.
IO placement started.
IO placement takes 0.00 sec.

Macro cell placement started.
Wirelength after Macro cell placement is 28140.
Macro cell placement takes 0.02 sec.

Run super clustering :
	Initial slack -1143.
	2 iterations finished.
	Final slack 197.
Super clustering done.
Design Utilization : 6%.
Wirelength after post global placement is 27642.
Post global placement takes 0.70 sec.

Legalization started.
Wirelength after legalization is 28244.
Legalization takes 0.05 sec.

Timing-driven detailed placement started.
replication start
Worst slack before Replication Place is 1598.
Wirelength after replication placement is 28244.
Legalized cost 1598.000000.
The detailed placement ends at 0th iteration.
Wirelength after detailed placement is 28244.
Timing-driven detailed placement takes 0.16 sec.

Worst slack is 1598, TNS after placement is 0.
Placement done.
Total placement takes 4.02 sec.
Finished placement. (CPU time elapsed 0h:00m:04s)

Routing started.
Building routing graph takes 0.69 sec.
Worst slack is 1598, TNS before global route is 0.
Processing design graph takes 0.19 sec.
Total memory for routing:
	48.028301 M.
Total nets for routing : 2438.
Rcf routing step 1 processed 0 nets, it takes 0.00 sec.
Rcf routing step 2 processed 0 nets, it takes 0.00 sec.
Rcf routing step 3 processed 0 nets, it takes 0.00 sec.
Unrouted nets 0 at the end of iteration 0.
Global Routing step 1 processed 45 nets, it takes 0.00 sec.
Unrouted nets 142 at the end of iteration 0.
Unrouted nets 107 at the end of iteration 1.
Unrouted nets 64 at the end of iteration 2.
Unrouted nets 45 at the end of iteration 3.
Unrouted nets 20 at the end of iteration 4.
Unrouted nets 11 at the end of iteration 5.
Unrouted nets 6 at the end of iteration 6.
Unrouted nets 5 at the end of iteration 7.
Unrouted nets 5 at the end of iteration 8.
Unrouted nets 4 at the end of iteration 9.
Unrouted nets 3 at the end of iteration 10.
Unrouted nets 2 at the end of iteration 11.
Unrouted nets 2 at the end of iteration 12.
Unrouted nets 1 at the end of iteration 13.
Unrouted nets 1 at the end of iteration 14.
Unrouted nets 1 at the end of iteration 15.
Unrouted nets 1 at the end of iteration 16.
Unrouted nets 1 at the end of iteration 17.
Unrouted nets 1 at the end of iteration 18.
Unrouted nets 1 at the end of iteration 19.
Unrouted nets 1 at the end of iteration 20.
Unrouted nets 1 at the end of iteration 21.
Unrouted nets 2 at the end of iteration 22.
Unrouted nets 0 at the end of iteration 23.
Global Routing step 2 processed 241 nets, it takes 0.52 sec.
Unrouted nets 15 at the end of iteration 0.
Unrouted nets 6 at the end of iteration 1.
Unrouted nets 2 at the end of iteration 2.
Unrouted nets 2 at the end of iteration 3.
Unrouted nets 0 at the end of iteration 4.
Global Routing step 3 processed 403 nets, it takes 0.06 sec.
Global routing takes 0.59 sec.
Total 2616 subnets.
    forward max bucket size 409 , backward 204.
        Unrouted nets 1217 at the end of iteration 0.
    route iteration 0, CPU time elapsed 0.359375 sec.
    forward max bucket size 427 , backward 285.
        Unrouted nets 999 at the end of iteration 1.
    route iteration 1, CPU time elapsed 0.328125 sec.
    forward max bucket size 474 , backward 409.
        Unrouted nets 803 at the end of iteration 2.
    route iteration 2, CPU time elapsed 0.312500 sec.
    forward max bucket size 454 , backward 279.
        Unrouted nets 633 at the end of iteration 3.
    route iteration 3, CPU time elapsed 0.312500 sec.
    forward max bucket size 502 , backward 385.
        Unrouted nets 516 at the end of iteration 4.
    route iteration 4, CPU time elapsed 0.187500 sec.
    forward max bucket size 523 , backward 514.
        Unrouted nets 417 at the end of iteration 5.
    route iteration 5, CPU time elapsed 0.156250 sec.
    forward max bucket size 428 , backward 620.
        Unrouted nets 333 at the end of iteration 6.
    route iteration 6, CPU time elapsed 0.125000 sec.
    forward max bucket size 877 , backward 658.
        Unrouted nets 268 at the end of iteration 7.
    route iteration 7, CPU time elapsed 0.140625 sec.
    forward max bucket size 507 , backward 558.
        Unrouted nets 208 at the end of iteration 8.
    route iteration 8, CPU time elapsed 0.140625 sec.
    forward max bucket size 725 , backward 616.
        Unrouted nets 203 at the end of iteration 9.
    route iteration 9, CPU time elapsed 0.156250 sec.
    forward max bucket size 1401 , backward 206.
        Unrouted nets 144 at the end of iteration 10.
    route iteration 10, CPU time elapsed 0.093750 sec.
    forward max bucket size 532 , backward 368.
        Unrouted nets 115 at the end of iteration 11.
    route iteration 11, CPU time elapsed 0.046875 sec.
    forward max bucket size 648 , backward 610.
        Unrouted nets 96 at the end of iteration 12.
    route iteration 12, CPU time elapsed 0.046875 sec.
    forward max bucket size 1218 , backward 633.
        Unrouted nets 83 at the end of iteration 13.
    route iteration 13, CPU time elapsed 0.031250 sec.
    forward max bucket size 496 , backward 359.
        Unrouted nets 69 at the end of iteration 14.
    route iteration 14, CPU time elapsed 0.031250 sec.
    forward max bucket size 412 , backward 484.
        Unrouted nets 49 at the end of iteration 15.
    route iteration 15, CPU time elapsed 0.031250 sec.
    forward max bucket size 515 , backward 264.
        Unrouted nets 51 at the end of iteration 16.
    route iteration 16, CPU time elapsed 0.015625 sec.
    forward max bucket size 762 , backward 278.
        Unrouted nets 42 at the end of iteration 17.
    route iteration 17, CPU time elapsed 0.031250 sec.
    forward max bucket size 1266 , backward 150.
        Unrouted nets 34 at the end of iteration 18.
    route iteration 18, CPU time elapsed 0.031250 sec.
    forward max bucket size 760 , backward 147.
        Unrouted nets 32 at the end of iteration 19.
    route iteration 19, CPU time elapsed 0.015625 sec.
    forward max bucket size 424 , backward 502.
        Unrouted nets 23 at the end of iteration 20.
    route iteration 20, CPU time elapsed 0.015625 sec.
    forward max bucket size 500 , backward 134.
        Unrouted nets 23 at the end of iteration 21.
    route iteration 21, CPU time elapsed 0.015625 sec.
    forward max bucket size 245 , backward 128.
        Unrouted nets 19 at the end of iteration 22.
    route iteration 22, CPU time elapsed 0.015625 sec.
    forward max bucket size 512 , backward 253.
        Unrouted nets 17 at the end of iteration 23.
    route iteration 23, CPU time elapsed 0.015625 sec.
    forward max bucket size 269 , backward 248.
        Unrouted nets 12 at the end of iteration 24.
    route iteration 24, CPU time elapsed 0.015625 sec.
    forward max bucket size 224 , backward 182.
        Unrouted nets 7 at the end of iteration 25.
    route iteration 25, CPU time elapsed 0.000000 sec.
    forward max bucket size 380 , backward 222.
        Unrouted nets 6 at the end of iteration 26.
    route iteration 26, CPU time elapsed 0.015625 sec.
    forward max bucket size 245 , backward 182.
        Unrouted nets 4 at the end of iteration 27.
    route iteration 27, CPU time elapsed 0.000000 sec.
    forward max bucket size 157 , backward 103.
        Unrouted nets 2 at the end of iteration 28.
    route iteration 28, CPU time elapsed 0.015625 sec.
    forward max bucket size 380 , backward 168.
        Unrouted nets 2 at the end of iteration 29.
    route iteration 29, CPU time elapsed 0.000000 sec.
    forward max bucket size 177 , backward 21.
        Unrouted nets 3 at the end of iteration 30.
    route iteration 30, CPU time elapsed 0.000000 sec.
    forward max bucket size 593 , backward 190.
        Unrouted nets 6 at the end of iteration 31.
    route iteration 31, CPU time elapsed 0.015625 sec.
    forward max bucket size 604 , backward 366.
        Unrouted nets 2 at the end of iteration 32.
    route iteration 32, CPU time elapsed 0.000000 sec.
    forward max bucket size 478 , backward 211.
        Unrouted nets 9 at the end of iteration 33.
    route iteration 33, CPU time elapsed 0.015625 sec.
    forward max bucket size 366 , backward 215.
        Unrouted nets 12 at the end of iteration 34.
    route iteration 34, CPU time elapsed 0.015625 sec.
    forward max bucket size 490 , backward 526.
        Unrouted nets 15 at the end of iteration 35.
    route iteration 35, CPU time elapsed 0.000000 sec.
    forward max bucket size 897 , backward 286.
        Unrouted nets 21 at the end of iteration 36.
    route iteration 36, CPU time elapsed 0.015625 sec.
    forward max bucket size 666 , backward 141.
        Unrouted nets 21 at the end of iteration 37.
    route iteration 37, CPU time elapsed 0.015625 sec.
    forward max bucket size 466 , backward 199.
        Unrouted nets 19 at the end of iteration 38.
    route iteration 38, CPU time elapsed 0.015625 sec.
    forward max bucket size 501 , backward 298.
        Unrouted nets 26 at the end of iteration 39.
    route iteration 39, CPU time elapsed 0.015625 sec.
    forward max bucket size 481 , backward 218.
        Unrouted nets 24 at the end of iteration 40.
    route iteration 40, CPU time elapsed 0.015625 sec.
    forward max bucket size 437 , backward 133.
        Unrouted nets 18 at the end of iteration 41.
    route iteration 41, CPU time elapsed 0.015625 sec.
    forward max bucket size 509 , backward 107.
        Unrouted nets 23 at the end of iteration 42.
    route iteration 42, CPU time elapsed 0.015625 sec.
    forward max bucket size 525 , backward 95.
        Unrouted nets 23 at the end of iteration 43.
    route iteration 43, CPU time elapsed 0.015625 sec.
    forward max bucket size 466 , backward 468.
        Unrouted nets 24 at the end of iteration 44.
    route iteration 44, CPU time elapsed 0.015625 sec.
    forward max bucket size 494 , backward 436.
        Unrouted nets 27 at the end of iteration 45.
    route iteration 45, CPU time elapsed 0.015625 sec.
    forward max bucket size 425 , backward 251.
        Unrouted nets 29 at the end of iteration 46.
    route iteration 46, CPU time elapsed 0.015625 sec.
    forward max bucket size 449 , backward 304.
        Unrouted nets 35 at the end of iteration 47.
    route iteration 47, CPU time elapsed 0.015625 sec.
    forward max bucket size 304 , backward 241.
        Unrouted nets 15 at the end of iteration 48.
    route iteration 48, CPU time elapsed 0.015625 sec.
    forward max bucket size 510 , backward 141.
        Unrouted nets 17 at the end of iteration 49.
    route iteration 49, CPU time elapsed 0.015625 sec.
    forward max bucket size 337 , backward 136.
        Unrouted nets 12 at the end of iteration 50.
    route iteration 50, CPU time elapsed 0.015625 sec.
    forward max bucket size 257 , backward 139.
        Unrouted nets 16 at the end of iteration 51.
    route iteration 51, CPU time elapsed 0.015625 sec.
    forward max bucket size 510 , backward 280.
        Unrouted nets 5 at the end of iteration 52.
    route iteration 52, CPU time elapsed 0.046875 sec.
    forward max bucket size 356 , backward 193.
        Unrouted nets 0 at the end of iteration 53.
    route iteration 53, CPU time elapsed 0.000000 sec.
C: Route-2036: The clock path from u_ddr3_top/u_rw_ctrl_128bit/axi_wlast/opit_0_inv_L5Q:Q to u_ddr3_top/u_ddr3_ip/u_ipsl_hmic_h_phy_top/u_phy_io/u_gtp_ddrphy/gateop_DDRC:WLAST_0 is routed by SRB.
C: Route-2036: The clock path from u_ddr3_top/u_rw_ctrl_128bit/axi_arvalid/opit_0_inv_L5Q:Q to u_ddr3_top/u_ddr3_ip/u_ipsl_hmic_h_phy_top/u_phy_io/u_gtp_ddrphy/gateop_DDRC:ARVALID_0 is routed by SRB.
C: Route-2036: The clock path from sys_clk_ibuf/opit_1:OUT to u_ddr3_top/u_ddr3_ip/u_pll_50_400/u_pll_e1/goppll:CLKIN1 is routed by SRB.
Detailed routing takes 3.06 sec.
Start fix hold violation.
Build tmp routing results takes 0.02 sec.
Timing analysis takes 0.13 sec.
Hold violation fix iter 0 takes 6.47 sec, total_step_forward 1432951.
Incremental timing analysis takes 0.11 sec.
Hold violation fix iter 1 takes 1.69 sec, total_step_forward 378486.
Incremental timing analysis takes 0.11 sec.
Hold violation fix iter 2 takes 1.64 sec, total_step_forward 368898.
Incremental timing analysis takes 0.11 sec.
Hold violation fix iter 3 takes 1.23 sec, total_step_forward 273880.
Incremental timing analysis takes 0.11 sec.
Hold violation fix iter 4 takes 1.20 sec, total_step_forward 273880.
Incremental timing analysis takes 0.11 sec.
Hold violation fix iter 5 takes 1.25 sec, total_step_forward 273880.
Fix hold violation Finished.
Hold Violation Fix in router takes 14.39 sec.

Dispose routing result:
    Collect routing result.
    Delete unused device instances.
    Annotate routing result.
    Change LUT configuration.
    Dispose misc instances.
    Annotate routing result again.
Finish routing takes 0.20 sec.
Used srb routing arc is 18352.
Cleanup routing takes 0.02 sec.
Routing done.
Total routing takes 19.39 sec.
W: Timing-4105: The worst slack of endpoint u_ddr3_top/u_ddr3_fifo_ctrl/u_wr_fifo/U_ipml_fifo_wr_fifo/U_ipml_fifo_ctrl/ASYN_CTRL.rwptr1[9]/opit_0/D of clock sys_clk|u_ddr3_top/u_ddr3_ip/u_pll_50_400/u_pll_e1/CLKOUT2_Inferred is -57ps(fast corner), but required hold violation threshold is 200ps.
C: STA-3017: There are 1 clock cross SRB paths do not meet the required hold violation threshold(200ps).


Device Utilization Summary :
+----------------------------------------------------------------------------+
| Logic Utilization        | Used     | Available     | Utilization(%)     
+----------------------------------------------------------------------------+
| Use of ADC               | 0        | 1             | 0                   
| Use of APM               | 0        | 30            | 0                   
| Use of BKCL              | 3        | 6             | 50                  
| Use of CLMA              | 263      | 3274          | 9                   
|   FF                     | 464      | 19644         | 3                   
|   LUT                    | 752      | 13096         | 6                   
|   LUT-FF pairs           | 162      | 13096         | 2                   
| Use of CLMS              | 77       | 1110          | 7                   
|   FF                     | 124      | 6660          | 2                   
|   LUT                    | 237      | 4440          | 6                   
|   LUT-FF pairs           | 30       | 4440          | 1                   
|   Distributed RAM        | 0        | 4440          | 0                   
| Use of CRYSTAL           | 0        | 6             | 0                   
| Use of DLL               | 2        | 6             | 34                  
| Use of DQSL              | 5        | 18            | 28                  
| Use of DRM               | 16       | 48            | 34                  
| Use of FLSIF             | 0        | 1             | 0                   
| Use of FUSECODE          | 0        | 1             | 0                   
| Use of HARD0N1           | 0        | 2745          | 0                   
| Use of HMEMC             | 1        | 2             | 50                  
| Use of IO                | 58       | 240           | 25                  
|   IOBD                   | 29       | 120           | 25                  
|   IOBR                   | 0        | 6             | 0                   
|   IOBS                   | 29       | 114           | 26                  
| Use of IOCKDIV           | 1        | 12            | 9                   
| Use of IOCKDLY           | 0        | 24            | 0                   
| Use of IOCKGATE          | 2        | 12            | 17                  
| Use of IOCKGMUX_TEST     | 0        | 12            | 0                   
| Use of IOL               | 58       | 240           | 25                  
| Use of IPAL              | 0        | 1             | 0                   
| Use of MFG_TEST          | 0        | 1             | 0                   
| Use of OSC               | 0        | 1             | 0                   
| Use of PLL               | 1        | 6             | 17                  
| Use of PREGMUX_TEST      | 0        | 6             | 0                   
| Use of RCKB              | 1        | 24            | 5                   
| Use of RCKBMUX_TEST      | 0        | 12            | 0                   
| Use of RESCAL            | 0        | 6             | 0                   
| Use of SCANCHAIN         | 0        | 4             | 0                   
| Use of START             | 1        | 1             | 100                 
| Use of UDID              | 0        | 1             | 0                   
| Use of USCM              | 3        | 20            | 15                  
| Use of USCMMUX_TEST      | 0        | 20            | 0                   
| Use of VCKBMUX_TEST      | 0        | 12            | 0                   
+----------------------------------------------------------------------------+

Finished routing. (CPU time elapsed 0h:00m:19s)
Design 'ddr3_rw_top' has been placed and routed successfully.
Saving design to DB.
Finished placement and routing. (CPU time elapsed 0h:00m:28s)
Action pnr: Real time elapsed is 31.000 sec
Action pnr: CPU time elapsed is 29.281 sec
Action pnr: Process CPU time elapsed is 29.281 sec
Current time: Wed Sep 21 16:08:16 2022
Action pnr: Peak memory pool usage is 532,054,016 bytes
