#Build: Fabric Compiler 2021.4-SP1.2, Build 96435, May 30 04:40 2022
#Install: D:\pango\PDS_2021.4-SP1.2\bin
#Application name: pds_shell.exe
#OS: Windows 10 10.0.19044
#Hostname: DESKTOP-HL6DT46
Generated by Fabric Compiler (version 2021.4-SP1.2 build 96435) at Wed Sep 21 16:10:13 2022
Compiling verification operator library.
Compiling common defs.
Compiling prim grid devices.
Compiling gate devices.
Compiling gate operators.
Building architecture model.
Loading device packaging model.
Reading design from DB.
Start Generating Programming File...
Reading design from DB takes 0.421875 sec.
Generating architecture configuration.
The bitstream file is "E:/Verilog/25_ddr3_rw_top/prj/generate_bitstream/ddr3_rw_top.sbit"
Generate programming file takes 4.890625 sec.
Generating Programming File done.
Action gen_bit_stream: Real time elapsed is 9.000 sec
Action gen_bit_stream: CPU time elapsed is 8.094 sec
Action gen_bit_stream: Process CPU time elapsed is 8.094 sec
Current time: Wed Sep 21 16:10:21 2022
Action gen_bit_stream: Peak memory pool usage is 332,242,944 bytes
