#Build: Fabric Compiler 2022.1, Build 99559, Jul 12 00:20 2022
#Install: D:\pango\PDS_2022.1\bin
#Application name: pds_shell.exe
#OS: Windows 10 10.0.19044
#Hostname: DESKTOP-HL6DT46
Generated by Fabric Compiler (version 2022.1 build 99559) at Thu Oct 13 10:58:19 2022
Compiling verification operator library.
Compiling common defs.
Compiling prim grid devices.
Compiling gate devices.
Compiling gate operators.
Building architecture model.
Loading device packaging model.
Reading design from DB.
Start Generating Programming File...
Reading design from DB takes 0.281250 sec.
Generating architecture configuration.
The bitstream file is "E:/Verilog22_1/25_ddr3_rw_top/prj/generate_bitstream/ddr3_rw_top.sbit"
Generate programming file takes 3.031250 sec.
Generating Programming File done.
Action gen_bit_stream: Real time elapsed is 0h:0m:8s
Action gen_bit_stream: CPU time elapsed is 0h:0m:5s
Action gen_bit_stream: Process CPU time elapsed is 0h:0m:5s
Current time: Thu Oct 13 10:58:25 2022
Action gen_bit_stream: Peak memory pool usage is 354 MB
