#Build: Fabric Compiler 2021.4-SP1.2, Build 96435, May 30 04:40 2022
#Install: D:\pango\PDS_2021.4-SP1.2\bin
#Application name: pds_shell.exe
#OS: Windows 10 10.0.19044
#Hostname: DESKTOP-HL6DT46
Generated by Fabric Compiler (version 2021.4-SP1.2 build 96435) at Thu Feb  9 13:18:51 2023
Compiling verification operator library.
Compiling common defs.
Compiling prim grid devices.
Compiling gate devices.
Compiling gate operators.
Building architecture model.
Loading device packaging model.
Reading design from DB.
Start Generating Programming File...
Reading design from DB takes 0.421875 sec.
Generating architecture configuration.
The bitstream file is "E:/PGL22G_KAIFALICHEN/xiugai_ddr_20230209/31_ddr3_rw_top/prj/generate_bitstream/ddr3_rw_top.sbit"
Generate programming file takes 4.765625 sec.
Generating Programming File done.
Action gen_bit_stream: Real time elapsed is 9.000 sec
Action gen_bit_stream: CPU time elapsed is 7.859 sec
Action gen_bit_stream: Process CPU time elapsed is 7.875 sec
Current time: Thu Feb  9 13:18:58 2023
Action gen_bit_stream: Peak memory pool usage is 331,325,440 bytes
