#Build: Fabric Compiler 2021.4-SP1.2, Build 96435, May 30 04:40 2022
#Install: D:\pango\PDS_2021.4-SP1.2\bin
#Application name: pds_shell.exe
#OS: Windows 10 10.0.19044
#Hostname: DESKTOP-HL6DT46
Generated by Fabric Compiler (version 2021.4-SP1.2 build 96435) at Thu Feb  9 13:09:59 2023
Compiling verification operator library.
Compiling common defs.
Compiling prim grid devices.
Compiling gate devices.
Compiling gate operators.
Building architecture model.
Loading device packaging model.
Reading design from pnr DB.
Start Report Post-PnR timing.
Constructing timing graph ...
Timing graph has been constructed successfully
W: STA-3011: Clock pin 'u_ddr3_top/u_ddr3_ip/u_ipsl_hmic_h_phy_top/u_phy_io/dqs0_dut/opit_0/CLK_REGIONAL' (gopDQS_DDC.CLK_REGIONAL) has no clock, timing propagation is disabled at the pin.
W: STA-3011: Clock pin 'u_ddr3_top/u_ddr3_ip/u_ipsl_hmic_h_phy_top/u_phy_io/dqs1_dut/opit_0/CLK_REGIONAL' (gopDQS_DDC.CLK_REGIONAL) has no clock, timing propagation is disabled at the pin.
W: STA-3011: Clock pin 'u_ddr3_top/u_ddr3_ip/u_ipsl_hmic_h_phy_top/u_phy_io/dqs2_dut/opit_0/CLK_REGIONAL' (gopDQS_DDC.CLK_REGIONAL) has no clock, timing propagation is disabled at the pin.
W: STA-3011: Clock pin 'u_ddr3_top/u_ddr3_ip/u_ipsl_hmic_h_phy_top/u_phy_io/dqs3_dut/opit_0/CLK_REGIONAL' (gopDQS_DDC.CLK_REGIONAL) has no clock, timing propagation is disabled at the pin.
W: STA-3011: Clock pin 'u_ddr3_top/u_ddr3_ip/u_ipsl_hmic_h_phy_top/u_phy_io/dqs4_dut/opit_0/CLK_REGIONAL' (gopDQS_DDC.CLK_REGIONAL) has no clock, timing propagation is disabled at the pin.
W: STA-3011: Clock pin 'u_ddr3_top/u_ddr3_ip/u_ipsl_hmic_h_phy_top/u_phy_io/genblk2.iob_08_09_dut/opit_2_O/SERCLK' (gopIOMDDR.SERCLK) has no clock, timing propagation is disabled at the pin.
W: STA-3011: Clock pin 'u_ddr3_top/u_ddr3_ip/u_ipsl_hmic_h_phy_top/u_phy_io/genblk2.iob_08_09_dut/opit_2_O/SYSCLK' (gopIOMDDR.SYSCLK) has no clock, timing propagation is disabled at the pin.
W: STA-3011: Clock pin 'u_ddr3_top/u_ddr3_ip/u_ipsl_hmic_h_phy_top/u_phy_io/genblk2.iob_08_09_dut/opit_2_O/TCLK' (gopIOMDDR.TCLK) has no clock, timing propagation is disabled at the pin.
W: STA-3011: Clock pin 'u_ddr3_top/u_ddr3_ip/u_ipsl_hmic_h_phy_top/u_phy_io/genblk3.iob_30_31_dut/opit_2_O/SERCLK' (gopIOMDDR.SERCLK) has no clock, timing propagation is disabled at the pin.
W: STA-3011: Clock pin 'u_ddr3_top/u_ddr3_ip/u_ipsl_hmic_h_phy_top/u_phy_io/genblk3.iob_30_31_dut/opit_2_O/SYSCLK' (gopIOMDDR.SYSCLK) has no clock, timing propagation is disabled at the pin.
W: STA-3011: Clock pin 'u_ddr3_top/u_ddr3_ip/u_ipsl_hmic_h_phy_top/u_phy_io/genblk3.iob_30_31_dut/opit_2_O/TCLK' (gopIOMDDR.TCLK) has no clock, timing propagation is disabled at the pin.
W: STA-3011: Clock pin 'u_ddr3_top/u_ddr3_ip/u_ipsl_hmic_h_phy_top/u_phy_io/iob_02_dut/opit_1_IOL/SERCLK' (gopOMDDR.SERCLK) has no clock, timing propagation is disabled at the pin.
W: STA-3011: Clock pin 'u_ddr3_top/u_ddr3_ip/u_ipsl_hmic_h_phy_top/u_phy_io/iob_02_dut/opit_1_IOL/SYSCLK' (gopOMDDR.SYSCLK) has no clock, timing propagation is disabled at the pin.
W: STA-3011: Clock pin 'u_ddr3_top/u_ddr3_ip/u_ipsl_hmic_h_phy_top/u_phy_io/iob_02_dut/opit_1_IOL/TCLK' (gopOMDDR.TCLK) has no clock, timing propagation is disabled at the pin.
W: STA-3011: Clock pin 'u_ddr3_top/u_ddr3_ip/u_ipsl_hmic_h_phy_top/u_phy_io/iob_16_17_dut/opit_3_IOL/SERCLK' (gopOMDDR.SERCLK) has no clock, timing propagation is disabled at the pin.
W: STA-3011: Clock pin 'u_ddr3_top/u_ddr3_ip/u_ipsl_hmic_h_phy_top/u_phy_io/iob_16_17_dut/opit_3_IOL/SYSCLK' (gopOMDDR.SYSCLK) has no clock, timing propagation is disabled at the pin.
W: STA-3011: Clock pin 'u_ddr3_top/u_ddr3_ip/u_ipsl_hmic_h_phy_top/u_phy_io/iob_16_17_dut/opit_3_IOL/TCLK' (gopOMDDR.TCLK) has no clock, timing propagation is disabled at the pin.
W: STA-3011: Clock pin 'u_ddr3_top/u_ddr3_ip/u_ipsl_hmic_h_phy_top/u_phy_io/iob_18_dut/opit_1_IOL/SERCLK' (gopOMDDR.SERCLK) has no clock, timing propagation is disabled at the pin.
W: STA-3011: Clock pin 'u_ddr3_top/u_ddr3_ip/u_ipsl_hmic_h_phy_top/u_phy_io/iob_18_dut/opit_1_IOL/SYSCLK' (gopOMDDR.SYSCLK) has no clock, timing propagation is disabled at the pin.
W: STA-3011: Clock pin 'u_ddr3_top/u_ddr3_ip/u_ipsl_hmic_h_phy_top/u_phy_io/iob_18_dut/opit_1_IOL/TCLK' (gopOMDDR.TCLK) has no clock, timing propagation is disabled at the pin.
W: STA-3011: Clock pin 'u_ddr3_top/u_ddr3_ip/u_ipsl_hmic_h_phy_top/u_phy_io/iob_19_dut/opit_1_IOL/SERCLK' (gopOMDDR.SERCLK) has no clock, timing propagation is disabled at the pin.
W: STA-3011: Clock pin 'u_ddr3_top/u_ddr3_ip/u_ipsl_hmic_h_phy_top/u_phy_io/iob_19_dut/opit_1_IOL/SYSCLK' (gopOMDDR.SYSCLK) has no clock, timing propagation is disabled at the pin.
W: STA-3011: Clock pin 'u_ddr3_top/u_ddr3_ip/u_ipsl_hmic_h_phy_top/u_phy_io/iob_19_dut/opit_1_IOL/TCLK' (gopOMDDR.TCLK) has no clock, timing propagation is disabled at the pin.
W: STA-3011: Clock pin 'u_ddr3_top/u_ddr3_ip/u_ipsl_hmic_h_phy_top/u_phy_io/iob_20_dut/opit_1_IOL/SERCLK' (gopOMDDR.SERCLK) has no clock, timing propagation is disabled at the pin.
W: STA-3011: Clock pin 'u_ddr3_top/u_ddr3_ip/u_ipsl_hmic_h_phy_top/u_phy_io/iob_20_dut/opit_1_IOL/SYSCLK' (gopOMDDR.SYSCLK) has no clock, timing propagation is disabled at the pin.
W: STA-3011: Clock pin 'u_ddr3_top/u_ddr3_ip/u_ipsl_hmic_h_phy_top/u_phy_io/iob_20_dut/opit_1_IOL/TCLK' (gopOMDDR.TCLK) has no clock, timing propagation is disabled at the pin.
W: STA-3011: Clock pin 'u_ddr3_top/u_ddr3_ip/u_ipsl_hmic_h_phy_top/u_phy_io/iob_21_dut/opit_1_IOL/SERCLK' (gopOMDDR.SERCLK) has no clock, timing propagation is disabled at the pin.
W: STA-3011: Clock pin 'u_ddr3_top/u_ddr3_ip/u_ipsl_hmic_h_phy_top/u_phy_io/iob_21_dut/opit_1_IOL/SYSCLK' (gopOMDDR.SYSCLK) has no clock, timing propagation is disabled at the pin.
W: STA-3011: Clock pin 'u_ddr3_top/u_ddr3_ip/u_ipsl_hmic_h_phy_top/u_phy_io/iob_21_dut/opit_1_IOL/TCLK' (gopOMDDR.TCLK) has no clock, timing propagation is disabled at the pin.
W: STA-3011: Clock pin 'u_ddr3_top/u_ddr3_ip/u_ipsl_hmic_h_phy_top/u_phy_io/iob_22_dut/opit_1_IOL/SERCLK' (gopOMDDR.SERCLK) has no clock, timing propagation is disabled at the pin.
W: STA-3011: Clock pin 'u_ddr3_top/u_ddr3_ip/u_ipsl_hmic_h_phy_top/u_phy_io/iob_22_dut/opit_1_IOL/SYSCLK' (gopOMDDR.SYSCLK) has no clock, timing propagation is disabled at the pin.
W: STA-3011: Clock pin 'u_ddr3_top/u_ddr3_ip/u_ipsl_hmic_h_phy_top/u_phy_io/iob_22_dut/opit_1_IOL/TCLK' (gopOMDDR.TCLK) has no clock, timing propagation is disabled at the pin.
W: STA-3011: Clock pin 'u_ddr3_top/u_ddr3_ip/u_ipsl_hmic_h_phy_top/u_phy_io/iob_23_dut/opit_1_IOL/SERCLK' (gopOMDDR.SERCLK) has no clock, timing propagation is disabled at the pin.
W: STA-3011: Clock pin 'u_ddr3_top/u_ddr3_ip/u_ipsl_hmic_h_phy_top/u_phy_io/iob_23_dut/opit_1_IOL/SYSCLK' (gopOMDDR.SYSCLK) has no clock, timing propagation is disabled at the pin.
W: STA-3011: Clock pin 'u_ddr3_top/u_ddr3_ip/u_ipsl_hmic_h_phy_top/u_phy_io/iob_23_dut/opit_1_IOL/TCLK' (gopOMDDR.TCLK) has no clock, timing propagation is disabled at the pin.
W: STA-3011: Clock pin 'u_ddr3_top/u_ddr3_ip/u_ipsl_hmic_h_phy_top/u_phy_io/iob_24_dut/opit_1_IOL/SERCLK' (gopOMDDR.SERCLK) has no clock, timing propagation is disabled at the pin.
W: STA-3011: Clock pin 'u_ddr3_top/u_ddr3_ip/u_ipsl_hmic_h_phy_top/u_phy_io/iob_24_dut/opit_1_IOL/SYSCLK' (gopOMDDR.SYSCLK) has no clock, timing propagation is disabled at the pin.
W: STA-3011: Clock pin 'u_ddr3_top/u_ddr3_ip/u_ipsl_hmic_h_phy_top/u_phy_io/iob_24_dut/opit_1_IOL/TCLK' (gopOMDDR.TCLK) has no clock, timing propagation is disabled at the pin.
W: STA-3011: Clock pin 'u_ddr3_top/u_ddr3_ip/u_ipsl_hmic_h_phy_top/u_phy_io/iob_25_dut/opit_1_IOL/SERCLK' (gopOMDDR.SERCLK) has no clock, timing propagation is disabled at the pin.
W: STA-3011: Clock pin 'u_ddr3_top/u_ddr3_ip/u_ipsl_hmic_h_phy_top/u_phy_io/iob_25_dut/opit_1_IOL/SYSCLK' (gopOMDDR.SYSCLK) has no clock, timing propagation is disabled at the pin.
W: STA-3011: Clock pin 'u_ddr3_top/u_ddr3_ip/u_ipsl_hmic_h_phy_top/u_phy_io/iob_25_dut/opit_1_IOL/TCLK' (gopOMDDR.TCLK) has no clock, timing propagation is disabled at the pin.
W: STA-3011: Clock pin 'u_ddr3_top/u_ddr3_ip/u_ipsl_hmic_h_phy_top/u_phy_io/iob_37_dut/opit_1_IOL/SERCLK' (gopOMDDR.SERCLK) has no clock, timing propagation is disabled at the pin.
W: STA-3011: Clock pin 'u_ddr3_top/u_ddr3_ip/u_ipsl_hmic_h_phy_top/u_phy_io/iob_37_dut/opit_1_IOL/SYSCLK' (gopOMDDR.SYSCLK) has no clock, timing propagation is disabled at the pin.
W: STA-3011: Clock pin 'u_ddr3_top/u_ddr3_ip/u_ipsl_hmic_h_phy_top/u_phy_io/iob_37_dut/opit_1_IOL/TCLK' (gopOMDDR.TCLK) has no clock, timing propagation is disabled at the pin.
W: STA-3011: Clock pin 'u_ddr3_top/u_ddr3_ip/u_ipsl_hmic_h_phy_top/u_phy_io/iob_40_dut/opit_1_IOL/SERCLK' (gopOMDDR.SERCLK) has no clock, timing propagation is disabled at the pin.
W: STA-3011: Clock pin 'u_ddr3_top/u_ddr3_ip/u_ipsl_hmic_h_phy_top/u_phy_io/iob_40_dut/opit_1_IOL/SYSCLK' (gopOMDDR.SYSCLK) has no clock, timing propagation is disabled at the pin.
W: STA-3011: Clock pin 'u_ddr3_top/u_ddr3_ip/u_ipsl_hmic_h_phy_top/u_phy_io/iob_40_dut/opit_1_IOL/TCLK' (gopOMDDR.TCLK) has no clock, timing propagation is disabled at the pin.
W: STA-3011: Clock pin 'u_ddr3_top/u_ddr3_ip/u_ipsl_hmic_h_phy_top/u_phy_io/iob_41_dut/opit_1_IOL/SERCLK' (gopOMDDR.SERCLK) has no clock, timing propagation is disabled at the pin.
W: STA-3011: Clock pin 'u_ddr3_top/u_ddr3_ip/u_ipsl_hmic_h_phy_top/u_phy_io/iob_41_dut/opit_1_IOL/SYSCLK' (gopOMDDR.SYSCLK) has no clock, timing propagation is disabled at the pin.
W: STA-3011: Clock pin 'u_ddr3_top/u_ddr3_ip/u_ipsl_hmic_h_phy_top/u_phy_io/iob_41_dut/opit_1_IOL/TCLK' (gopOMDDR.TCLK) has no clock, timing propagation is disabled at the pin.
W: STA-3011: Clock pin 'u_ddr3_top/u_ddr3_ip/u_ipsl_hmic_h_phy_top/u_phy_io/iob_42_dut/opit_1_IOL/SERCLK' (gopOMDDR.SERCLK) has no clock, timing propagation is disabled at the pin.
W: STA-3011: Clock pin 'u_ddr3_top/u_ddr3_ip/u_ipsl_hmic_h_phy_top/u_phy_io/iob_42_dut/opit_1_IOL/SYSCLK' (gopOMDDR.SYSCLK) has no clock, timing propagation is disabled at the pin.
W: STA-3011: Clock pin 'u_ddr3_top/u_ddr3_ip/u_ipsl_hmic_h_phy_top/u_phy_io/iob_42_dut/opit_1_IOL/TCLK' (gopOMDDR.TCLK) has no clock, timing propagation is disabled at the pin.
W: STA-3011: Clock pin 'u_ddr3_top/u_ddr3_ip/u_ipsl_hmic_h_phy_top/u_phy_io/iob_43_dut/opit_1_IOL/SERCLK' (gopOMDDR.SERCLK) has no clock, timing propagation is disabled at the pin.
W: STA-3011: Clock pin 'u_ddr3_top/u_ddr3_ip/u_ipsl_hmic_h_phy_top/u_phy_io/iob_43_dut/opit_1_IOL/SYSCLK' (gopOMDDR.SYSCLK) has no clock, timing propagation is disabled at the pin.
W: STA-3011: Clock pin 'u_ddr3_top/u_ddr3_ip/u_ipsl_hmic_h_phy_top/u_phy_io/iob_43_dut/opit_1_IOL/TCLK' (gopOMDDR.TCLK) has no clock, timing propagation is disabled at the pin.
W: STA-3011: Clock pin 'u_ddr3_top/u_ddr3_ip/u_ipsl_hmic_h_phy_top/u_phy_io/iob_44_dut/opit_1_IOL/SERCLK' (gopOMDDR.SERCLK) has no clock, timing propagation is disabled at the pin.
W: STA-3011: Clock pin 'u_ddr3_top/u_ddr3_ip/u_ipsl_hmic_h_phy_top/u_phy_io/iob_44_dut/opit_1_IOL/SYSCLK' (gopOMDDR.SYSCLK) has no clock, timing propagation is disabled at the pin.
W: STA-3011: Clock pin 'u_ddr3_top/u_ddr3_ip/u_ipsl_hmic_h_phy_top/u_phy_io/iob_44_dut/opit_1_IOL/TCLK' (gopOMDDR.TCLK) has no clock, timing propagation is disabled at the pin.
W: STA-3011: Clock pin 'u_ddr3_top/u_ddr3_ip/u_ipsl_hmic_h_phy_top/u_phy_io/iob_45_dut/opit_1_IOL/SERCLK' (gopOMDDR.SERCLK) has no clock, timing propagation is disabled at the pin.
W: STA-3011: Clock pin 'u_ddr3_top/u_ddr3_ip/u_ipsl_hmic_h_phy_top/u_phy_io/iob_45_dut/opit_1_IOL/SYSCLK' (gopOMDDR.SYSCLK) has no clock, timing propagation is disabled at the pin.
W: STA-3011: Clock pin 'u_ddr3_top/u_ddr3_ip/u_ipsl_hmic_h_phy_top/u_phy_io/iob_45_dut/opit_1_IOL/TCLK' (gopOMDDR.TCLK) has no clock, timing propagation is disabled at the pin.
W: STA-3011: Clock pin 'u_ddr3_top/u_ddr3_ip/u_ipsl_hmic_h_phy_top/u_phy_io/iob_46_dut/opit_1_IOL/SERCLK' (gopOMDDR.SERCLK) has no clock, timing propagation is disabled at the pin.
W: STA-3011: Clock pin 'u_ddr3_top/u_ddr3_ip/u_ipsl_hmic_h_phy_top/u_phy_io/iob_46_dut/opit_1_IOL/SYSCLK' (gopOMDDR.SYSCLK) has no clock, timing propagation is disabled at the pin.
W: STA-3011: Clock pin 'u_ddr3_top/u_ddr3_ip/u_ipsl_hmic_h_phy_top/u_phy_io/iob_46_dut/opit_1_IOL/TCLK' (gopOMDDR.TCLK) has no clock, timing propagation is disabled at the pin.
W: STA-3011: Clock pin 'u_ddr3_top/u_ddr3_ip/u_ipsl_hmic_h_phy_top/u_phy_io/iob_47_dut/opit_1_IOL/SERCLK' (gopOMDDR.SERCLK) has no clock, timing propagation is disabled at the pin.
W: STA-3011: Clock pin 'u_ddr3_top/u_ddr3_ip/u_ipsl_hmic_h_phy_top/u_phy_io/iob_47_dut/opit_1_IOL/SYSCLK' (gopOMDDR.SYSCLK) has no clock, timing propagation is disabled at the pin.
W: STA-3011: Clock pin 'u_ddr3_top/u_ddr3_ip/u_ipsl_hmic_h_phy_top/u_phy_io/iob_47_dut/opit_1_IOL/TCLK' (gopOMDDR.TCLK) has no clock, timing propagation is disabled at the pin.
W: STA-3011: Clock pin 'u_ddr3_top/u_ddr3_ip/u_ipsl_hmic_h_phy_top/u_phy_io/iob_48_dut/opit_1_IOL/SERCLK' (gopOMDDR.SERCLK) has no clock, timing propagation is disabled at the pin.
W: STA-3011: Clock pin 'u_ddr3_top/u_ddr3_ip/u_ipsl_hmic_h_phy_top/u_phy_io/iob_48_dut/opit_1_IOL/SYSCLK' (gopOMDDR.SYSCLK) has no clock, timing propagation is disabled at the pin.
W: STA-3011: Clock pin 'u_ddr3_top/u_ddr3_ip/u_ipsl_hmic_h_phy_top/u_phy_io/iob_48_dut/opit_1_IOL/TCLK' (gopOMDDR.TCLK) has no clock, timing propagation is disabled at the pin.
W: STA-3011: Clock pin 'u_ddr3_top/u_ddr3_ip/u_ipsl_hmic_h_phy_top/u_phy_io/iob_49_dut/opit_1_IOL/SERCLK' (gopOMDDR.SERCLK) has no clock, timing propagation is disabled at the pin.
W: STA-3011: Clock pin 'u_ddr3_top/u_ddr3_ip/u_ipsl_hmic_h_phy_top/u_phy_io/iob_49_dut/opit_1_IOL/SYSCLK' (gopOMDDR.SYSCLK) has no clock, timing propagation is disabled at the pin.
W: STA-3011: Clock pin 'u_ddr3_top/u_ddr3_ip/u_ipsl_hmic_h_phy_top/u_phy_io/iob_49_dut/opit_1_IOL/TCLK' (gopOMDDR.TCLK) has no clock, timing propagation is disabled at the pin.
W: STA-3011: Clock pin 'u_ddr3_top/u_ddr3_ip/u_ipsl_hmic_h_phy_top/u_phy_io/iob_51_dut/opit_1_IOL/SERCLK' (gopOMDDR.SERCLK) has no clock, timing propagation is disabled at the pin.
W: STA-3011: Clock pin 'u_ddr3_top/u_ddr3_ip/u_ipsl_hmic_h_phy_top/u_phy_io/iob_51_dut/opit_1_IOL/SYSCLK' (gopOMDDR.SYSCLK) has no clock, timing propagation is disabled at the pin.
W: STA-3011: Clock pin 'u_ddr3_top/u_ddr3_ip/u_ipsl_hmic_h_phy_top/u_phy_io/iob_51_dut/opit_1_IOL/TCLK' (gopOMDDR.TCLK) has no clock, timing propagation is disabled at the pin.
W: STA-3011: Clock pin 'u_ddr3_top/u_ddr3_ip/u_ipsl_hmic_h_phy_top/u_phy_io/iob_52_dut/opit_1_IOL/SERCLK' (gopOMDDR.SERCLK) has no clock, timing propagation is disabled at the pin.
W: STA-3011: Clock pin 'u_ddr3_top/u_ddr3_ip/u_ipsl_hmic_h_phy_top/u_phy_io/iob_52_dut/opit_1_IOL/SYSCLK' (gopOMDDR.SYSCLK) has no clock, timing propagation is disabled at the pin.
W: STA-3011: Clock pin 'u_ddr3_top/u_ddr3_ip/u_ipsl_hmic_h_phy_top/u_phy_io/iob_52_dut/opit_1_IOL/TCLK' (gopOMDDR.TCLK) has no clock, timing propagation is disabled at the pin.
W: STA-3011: Clock pin 'u_ddr3_top/u_ddr3_ip/u_ipsl_hmic_h_phy_top/u_phy_io/iob_55_dut/opit_1_IOL/SERCLK' (gopOMDDR.SERCLK) has no clock, timing propagation is disabled at the pin.
W: STA-3011: Clock pin 'u_ddr3_top/u_ddr3_ip/u_ipsl_hmic_h_phy_top/u_phy_io/iob_55_dut/opit_1_IOL/SYSCLK' (gopOMDDR.SYSCLK) has no clock, timing propagation is disabled at the pin.
W: STA-3011: Clock pin 'u_ddr3_top/u_ddr3_ip/u_ipsl_hmic_h_phy_top/u_phy_io/iob_55_dut/opit_1_IOL/TCLK' (gopOMDDR.TCLK) has no clock, timing propagation is disabled at the pin.
W: STA-3011: Clock pin 'u_ddr3_top/u_ddr3_ip/u_ipsl_hmic_h_phy_top/u_phy_io/iob_56_dut/opit_1_IOL/SERCLK' (gopOMDDR.SERCLK) has no clock, timing propagation is disabled at the pin.
W: STA-3011: Clock pin 'u_ddr3_top/u_ddr3_ip/u_ipsl_hmic_h_phy_top/u_phy_io/iob_56_dut/opit_1_IOL/SYSCLK' (gopOMDDR.SYSCLK) has no clock, timing propagation is disabled at the pin.
W: STA-3011: Clock pin 'u_ddr3_top/u_ddr3_ip/u_ipsl_hmic_h_phy_top/u_phy_io/iob_56_dut/opit_1_IOL/TCLK' (gopOMDDR.TCLK) has no clock, timing propagation is disabled at the pin.
W: STA-3011: Clock pin 'u_ddr3_top/u_ddr3_ip/u_ipsl_hmic_h_phy_top/u_phy_io/iob_57_dut/opit_1_IOL/SERCLK' (gopOMDDR.SERCLK) has no clock, timing propagation is disabled at the pin.
W: STA-3011: Clock pin 'u_ddr3_top/u_ddr3_ip/u_ipsl_hmic_h_phy_top/u_phy_io/iob_57_dut/opit_1_IOL/SYSCLK' (gopOMDDR.SYSCLK) has no clock, timing propagation is disabled at the pin.
W: STA-3011: Clock pin 'u_ddr3_top/u_ddr3_ip/u_ipsl_hmic_h_phy_top/u_phy_io/iob_57_dut/opit_1_IOL/TCLK' (gopOMDDR.TCLK) has no clock, timing propagation is disabled at the pin.
W: STA-3011: Clock pin 'u_ddr3_top/u_ddr3_ip/u_ipsl_hmic_h_phy_top/u_phy_io/iob_58_dut/opit_1_IOL/SERCLK' (gopOMDDR.SERCLK) has no clock, timing propagation is disabled at the pin.
W: STA-3011: Clock pin 'u_ddr3_top/u_ddr3_ip/u_ipsl_hmic_h_phy_top/u_phy_io/iob_58_dut/opit_1_IOL/SYSCLK' (gopOMDDR.SYSCLK) has no clock, timing propagation is disabled at the pin.
W: STA-3011: Clock pin 'u_ddr3_top/u_ddr3_ip/u_ipsl_hmic_h_phy_top/u_phy_io/iob_58_dut/opit_1_IOL/TCLK' (gopOMDDR.TCLK) has no clock, timing propagation is disabled at the pin.
W: STA-3011: Clock pin 'u_ddr3_top/u_ddr3_ip/u_ipsl_hmic_h_phy_top/u_phy_io/iob_59_dut/opit_1_IOL/SERCLK' (gopOMDDR.SERCLK) has no clock, timing propagation is disabled at the pin.
W: STA-3011: Clock pin 'u_ddr3_top/u_ddr3_ip/u_ipsl_hmic_h_phy_top/u_phy_io/iob_59_dut/opit_1_IOL/SYSCLK' (gopOMDDR.SYSCLK) has no clock, timing propagation is disabled at the pin.
W: STA-3011: Clock pin 'u_ddr3_top/u_ddr3_ip/u_ipsl_hmic_h_phy_top/u_phy_io/iob_59_dut/opit_1_IOL/TCLK' (gopOMDDR.TCLK) has no clock, timing propagation is disabled at the pin.
W: STA-3011: Clock pin 'u_ddr3_top/u_ddr3_ip/u_ipsl_hmic_h_phy_top/u_phy_io/iol_iddr3_dut/gateop_inv_IO/ICLK' (gopIOMDDRDEL.ICLK) has no clock, timing propagation is disabled at the pin.
W: STA-3011: Clock pin 'u_ddr3_top/u_ddr3_ip/u_ipsl_hmic_h_phy_top/u_phy_io/iol_iddr3_dut/gateop_inv_IO/SERCLK' (gopIOMDDRDEL.SERCLK) has no clock, timing propagation is disabled at the pin.
W: STA-3011: Clock pin 'u_ddr3_top/u_ddr3_ip/u_ipsl_hmic_h_phy_top/u_phy_io/iol_iddr3_dut/gateop_inv_IO/SYSCLK' (gopIOMDDRDEL.SYSCLK) has no clock, timing propagation is disabled at the pin.
W: STA-3011: Clock pin 'u_ddr3_top/u_ddr3_ip/u_ipsl_hmic_h_phy_top/u_phy_io/iol_iddr3_dut/gateop_inv_IO/TCLK' (gopIOMDDRDEL.TCLK) has no clock, timing propagation is disabled at the pin.
W: STA-3011: Clock pin 'u_ddr3_top/u_ddr3_ip/u_ipsl_hmic_h_phy_top/u_phy_io/iol_iddr4_dut/gateop_inv_IO/ICLK' (gopIOMDDRDEL.ICLK) has no clock, timing propagation is disabled at the pin.
W: STA-3011: Clock pin 'u_ddr3_top/u_ddr3_ip/u_ipsl_hmic_h_phy_top/u_phy_io/iol_iddr4_dut/gateop_inv_IO/SERCLK' (gopIOMDDRDEL.SERCLK) has no clock, timing propagation is disabled at the pin.
W: STA-3011: Clock pin 'u_ddr3_top/u_ddr3_ip/u_ipsl_hmic_h_phy_top/u_phy_io/iol_iddr4_dut/gateop_inv_IO/SYSCLK' (gopIOMDDRDEL.SYSCLK) has no clock, timing propagation is disabled at the pin.
W: STA-3011: Clock pin 'u_ddr3_top/u_ddr3_ip/u_ipsl_hmic_h_phy_top/u_phy_io/iol_iddr4_dut/gateop_inv_IO/TCLK' (gopIOMDDRDEL.TCLK) has no clock, timing propagation is disabled at the pin.
W: STA-3011: Clock pin 'u_ddr3_top/u_ddr3_ip/u_ipsl_hmic_h_phy_top/u_phy_io/iol_iddr5_dut/gateop_inv_IO/ICLK' (gopIOMDDRDEL.ICLK) has no clock, timing propagation is disabled at the pin.
W: STA-3011: Clock pin 'u_ddr3_top/u_ddr3_ip/u_ipsl_hmic_h_phy_top/u_phy_io/iol_iddr5_dut/gateop_inv_IO/SERCLK' (gopIOMDDRDEL.SERCLK) has no clock, timing propagation is disabled at the pin.
W: STA-3011: Clock pin 'u_ddr3_top/u_ddr3_ip/u_ipsl_hmic_h_phy_top/u_phy_io/iol_iddr5_dut/gateop_inv_IO/SYSCLK' (gopIOMDDRDEL.SYSCLK) has no clock, timing propagation is disabled at the pin.
W: STA-3011: Clock pin 'u_ddr3_top/u_ddr3_ip/u_ipsl_hmic_h_phy_top/u_phy_io/iol_iddr5_dut/gateop_inv_IO/TCLK' (gopIOMDDRDEL.TCLK) has no clock, timing propagation is disabled at the pin.
W: STA-3011: Clock pin 'u_ddr3_top/u_ddr3_ip/u_ipsl_hmic_h_phy_top/u_phy_io/iol_iddr6_dut/gateop_inv_IO/ICLK' (gopIOMDDRDEL.ICLK) has no clock, timing propagation is disabled at the pin.
W: STA-3011: Clock pin 'u_ddr3_top/u_ddr3_ip/u_ipsl_hmic_h_phy_top/u_phy_io/iol_iddr6_dut/gateop_inv_IO/SERCLK' (gopIOMDDRDEL.SERCLK) has no clock, timing propagation is disabled at the pin.
W: STA-3011: Clock pin 'u_ddr3_top/u_ddr3_ip/u_ipsl_hmic_h_phy_top/u_phy_io/iol_iddr6_dut/gateop_inv_IO/SYSCLK' (gopIOMDDRDEL.SYSCLK) has no clock, timing propagation is disabled at the pin.
W: STA-3011: Clock pin 'u_ddr3_top/u_ddr3_ip/u_ipsl_hmic_h_phy_top/u_phy_io/iol_iddr6_dut/gateop_inv_IO/TCLK' (gopIOMDDRDEL.TCLK) has no clock, timing propagation is disabled at the pin.
W: STA-3011: Clock pin 'u_ddr3_top/u_ddr3_ip/u_ipsl_hmic_h_phy_top/u_phy_io/iol_iddr7_dut/gateop_inv_IO/ICLK' (gopIOMDDRDEL.ICLK) has no clock, timing propagation is disabled at the pin.
W: STA-3011: Clock pin 'u_ddr3_top/u_ddr3_ip/u_ipsl_hmic_h_phy_top/u_phy_io/iol_iddr7_dut/gateop_inv_IO/SERCLK' (gopIOMDDRDEL.SERCLK) has no clock, timing propagation is disabled at the pin.
W: STA-3011: Clock pin 'u_ddr3_top/u_ddr3_ip/u_ipsl_hmic_h_phy_top/u_phy_io/iol_iddr7_dut/gateop_inv_IO/SYSCLK' (gopIOMDDRDEL.SYSCLK) has no clock, timing propagation is disabled at the pin.
W: STA-3011: Clock pin 'u_ddr3_top/u_ddr3_ip/u_ipsl_hmic_h_phy_top/u_phy_io/iol_iddr7_dut/gateop_inv_IO/TCLK' (gopIOMDDRDEL.TCLK) has no clock, timing propagation is disabled at the pin.
W: STA-3011: Clock pin 'u_ddr3_top/u_ddr3_ip/u_ipsl_hmic_h_phy_top/u_phy_io/iol_iddr10_dut/gateop_inv_IO/ICLK' (gopIOMDDRDEL.ICLK) has no clock, timing propagation is disabled at the pin.
W: STA-3011: Clock pin 'u_ddr3_top/u_ddr3_ip/u_ipsl_hmic_h_phy_top/u_phy_io/iol_iddr10_dut/gateop_inv_IO/SERCLK' (gopIOMDDRDEL.SERCLK) has no clock, timing propagation is disabled at the pin.
W: STA-3011: Clock pin 'u_ddr3_top/u_ddr3_ip/u_ipsl_hmic_h_phy_top/u_phy_io/iol_iddr10_dut/gateop_inv_IO/SYSCLK' (gopIOMDDRDEL.SYSCLK) has no clock, timing propagation is disabled at the pin.
W: STA-3011: Clock pin 'u_ddr3_top/u_ddr3_ip/u_ipsl_hmic_h_phy_top/u_phy_io/iol_iddr10_dut/gateop_inv_IO/TCLK' (gopIOMDDRDEL.TCLK) has no clock, timing propagation is disabled at the pin.
W: STA-3011: Clock pin 'u_ddr3_top/u_ddr3_ip/u_ipsl_hmic_h_phy_top/u_phy_io/iol_iddr11_dut/gateop_inv_IO/ICLK' (gopIOMDDRDEL.ICLK) has no clock, timing propagation is disabled at the pin.
W: STA-3011: Clock pin 'u_ddr3_top/u_ddr3_ip/u_ipsl_hmic_h_phy_top/u_phy_io/iol_iddr11_dut/gateop_inv_IO/SERCLK' (gopIOMDDRDEL.SERCLK) has no clock, timing propagation is disabled at the pin.
W: STA-3011: Clock pin 'u_ddr3_top/u_ddr3_ip/u_ipsl_hmic_h_phy_top/u_phy_io/iol_iddr11_dut/gateop_inv_IO/SYSCLK' (gopIOMDDRDEL.SYSCLK) has no clock, timing propagation is disabled at the pin.
W: STA-3011: Clock pin 'u_ddr3_top/u_ddr3_ip/u_ipsl_hmic_h_phy_top/u_phy_io/iol_iddr11_dut/gateop_inv_IO/TCLK' (gopIOMDDRDEL.TCLK) has no clock, timing propagation is disabled at the pin.
W: STA-3011: Clock pin 'u_ddr3_top/u_ddr3_ip/u_ipsl_hmic_h_phy_top/u_phy_io/iol_iddr12_dut/gateop_inv_IO/ICLK' (gopIOMDDRDEL.ICLK) has no clock, timing propagation is disabled at the pin.
W: STA-3011: Clock pin 'u_ddr3_top/u_ddr3_ip/u_ipsl_hmic_h_phy_top/u_phy_io/iol_iddr12_dut/gateop_inv_IO/SERCLK' (gopIOMDDRDEL.SERCLK) has no clock, timing propagation is disabled at the pin.
W: STA-3011: Clock pin 'u_ddr3_top/u_ddr3_ip/u_ipsl_hmic_h_phy_top/u_phy_io/iol_iddr12_dut/gateop_inv_IO/SYSCLK' (gopIOMDDRDEL.SYSCLK) has no clock, timing propagation is disabled at the pin.
W: STA-3011: Clock pin 'u_ddr3_top/u_ddr3_ip/u_ipsl_hmic_h_phy_top/u_phy_io/iol_iddr12_dut/gateop_inv_IO/TCLK' (gopIOMDDRDEL.TCLK) has no clock, timing propagation is disabled at the pin.
W: STA-3011: Clock pin 'u_ddr3_top/u_ddr3_ip/u_ipsl_hmic_h_phy_top/u_phy_io/iol_iddr27_dut/gateop_inv_IO/ICLK' (gopIOMDDRDEL.ICLK) has no clock, timing propagation is disabled at the pin.
W: STA-3011: Clock pin 'u_ddr3_top/u_ddr3_ip/u_ipsl_hmic_h_phy_top/u_phy_io/iol_iddr27_dut/gateop_inv_IO/SERCLK' (gopIOMDDRDEL.SERCLK) has no clock, timing propagation is disabled at the pin.
W: STA-3011: Clock pin 'u_ddr3_top/u_ddr3_ip/u_ipsl_hmic_h_phy_top/u_phy_io/iol_iddr27_dut/gateop_inv_IO/SYSCLK' (gopIOMDDRDEL.SYSCLK) has no clock, timing propagation is disabled at the pin.
W: STA-3011: Clock pin 'u_ddr3_top/u_ddr3_ip/u_ipsl_hmic_h_phy_top/u_phy_io/iol_iddr27_dut/gateop_inv_IO/TCLK' (gopIOMDDRDEL.TCLK) has no clock, timing propagation is disabled at the pin.
W: STA-3011: Clock pin 'u_ddr3_top/u_ddr3_ip/u_ipsl_hmic_h_phy_top/u_phy_io/iol_iddr28_dut/gateop_inv_IO/ICLK' (gopIOMDDRDEL.ICLK) has no clock, timing propagation is disabled at the pin.
W: STA-3011: Clock pin 'u_ddr3_top/u_ddr3_ip/u_ipsl_hmic_h_phy_top/u_phy_io/iol_iddr28_dut/gateop_inv_IO/SERCLK' (gopIOMDDRDEL.SERCLK) has no clock, timing propagation is disabled at the pin.
W: STA-3011: Clock pin 'u_ddr3_top/u_ddr3_ip/u_ipsl_hmic_h_phy_top/u_phy_io/iol_iddr28_dut/gateop_inv_IO/SYSCLK' (gopIOMDDRDEL.SYSCLK) has no clock, timing propagation is disabled at the pin.
W: STA-3011: Clock pin 'u_ddr3_top/u_ddr3_ip/u_ipsl_hmic_h_phy_top/u_phy_io/iol_iddr28_dut/gateop_inv_IO/TCLK' (gopIOMDDRDEL.TCLK) has no clock, timing propagation is disabled at the pin.
W: STA-3011: Clock pin 'u_ddr3_top/u_ddr3_ip/u_ipsl_hmic_h_phy_top/u_phy_io/iol_iddr29_dut/gateop_inv_IO/ICLK' (gopIOMDDRDEL.ICLK) has no clock, timing propagation is disabled at the pin.
W: STA-3011: Clock pin 'u_ddr3_top/u_ddr3_ip/u_ipsl_hmic_h_phy_top/u_phy_io/iol_iddr29_dut/gateop_inv_IO/SERCLK' (gopIOMDDRDEL.SERCLK) has no clock, timing propagation is disabled at the pin.
W: STA-3011: Clock pin 'u_ddr3_top/u_ddr3_ip/u_ipsl_hmic_h_phy_top/u_phy_io/iol_iddr29_dut/gateop_inv_IO/SYSCLK' (gopIOMDDRDEL.SYSCLK) has no clock, timing propagation is disabled at the pin.
W: STA-3011: Clock pin 'u_ddr3_top/u_ddr3_ip/u_ipsl_hmic_h_phy_top/u_phy_io/iol_iddr29_dut/gateop_inv_IO/TCLK' (gopIOMDDRDEL.TCLK) has no clock, timing propagation is disabled at the pin.
W: STA-3011: Clock pin 'u_ddr3_top/u_ddr3_ip/u_ipsl_hmic_h_phy_top/u_phy_io/iol_iddr32_dut/gateop_inv_IO/ICLK' (gopIOMDDRDEL.ICLK) has no clock, timing propagation is disabled at the pin.
W: STA-3011: Clock pin 'u_ddr3_top/u_ddr3_ip/u_ipsl_hmic_h_phy_top/u_phy_io/iol_iddr32_dut/gateop_inv_IO/SERCLK' (gopIOMDDRDEL.SERCLK) has no clock, timing propagation is disabled at the pin.
W: STA-3011: Clock pin 'u_ddr3_top/u_ddr3_ip/u_ipsl_hmic_h_phy_top/u_phy_io/iol_iddr32_dut/gateop_inv_IO/SYSCLK' (gopIOMDDRDEL.SYSCLK) has no clock, timing propagation is disabled at the pin.
W: STA-3011: Clock pin 'u_ddr3_top/u_ddr3_ip/u_ipsl_hmic_h_phy_top/u_phy_io/iol_iddr32_dut/gateop_inv_IO/TCLK' (gopIOMDDRDEL.TCLK) has no clock, timing propagation is disabled at the pin.
W: STA-3011: Clock pin 'u_ddr3_top/u_ddr3_ip/u_ipsl_hmic_h_phy_top/u_phy_io/iol_iddr33_dut/gateop_inv_IO/ICLK' (gopIOMDDRDEL.ICLK) has no clock, timing propagation is disabled at the pin.
W: STA-3011: Clock pin 'u_ddr3_top/u_ddr3_ip/u_ipsl_hmic_h_phy_top/u_phy_io/iol_iddr33_dut/gateop_inv_IO/SERCLK' (gopIOMDDRDEL.SERCLK) has no clock, timing propagation is disabled at the pin.
W: STA-3011: Clock pin 'u_ddr3_top/u_ddr3_ip/u_ipsl_hmic_h_phy_top/u_phy_io/iol_iddr33_dut/gateop_inv_IO/SYSCLK' (gopIOMDDRDEL.SYSCLK) has no clock, timing propagation is disabled at the pin.
W: STA-3011: Clock pin 'u_ddr3_top/u_ddr3_ip/u_ipsl_hmic_h_phy_top/u_phy_io/iol_iddr33_dut/gateop_inv_IO/TCLK' (gopIOMDDRDEL.TCLK) has no clock, timing propagation is disabled at the pin.
W: STA-3011: Clock pin 'u_ddr3_top/u_ddr3_ip/u_ipsl_hmic_h_phy_top/u_phy_io/iol_iddr34_dut/gateop_inv_IO/ICLK' (gopIOMDDRDEL.ICLK) has no clock, timing propagation is disabled at the pin.
W: STA-3011: Clock pin 'u_ddr3_top/u_ddr3_ip/u_ipsl_hmic_h_phy_top/u_phy_io/iol_iddr34_dut/gateop_inv_IO/SERCLK' (gopIOMDDRDEL.SERCLK) has no clock, timing propagation is disabled at the pin.
W: STA-3011: Clock pin 'u_ddr3_top/u_ddr3_ip/u_ipsl_hmic_h_phy_top/u_phy_io/iol_iddr34_dut/gateop_inv_IO/SYSCLK' (gopIOMDDRDEL.SYSCLK) has no clock, timing propagation is disabled at the pin.
W: STA-3011: Clock pin 'u_ddr3_top/u_ddr3_ip/u_ipsl_hmic_h_phy_top/u_phy_io/iol_iddr34_dut/gateop_inv_IO/TCLK' (gopIOMDDRDEL.TCLK) has no clock, timing propagation is disabled at the pin.
W: STA-3011: Clock pin 'u_ddr3_top/u_ddr3_ip/u_ipsl_hmic_h_phy_top/u_phy_io/iol_iddr35_dut/gateop_inv_IO/ICLK' (gopIOMDDRDEL.ICLK) has no clock, timing propagation is disabled at the pin.
W: STA-3011: Clock pin 'u_ddr3_top/u_ddr3_ip/u_ipsl_hmic_h_phy_top/u_phy_io/iol_iddr35_dut/gateop_inv_IO/SERCLK' (gopIOMDDRDEL.SERCLK) has no clock, timing propagation is disabled at the pin.
W: STA-3011: Clock pin 'u_ddr3_top/u_ddr3_ip/u_ipsl_hmic_h_phy_top/u_phy_io/iol_iddr35_dut/gateop_inv_IO/SYSCLK' (gopIOMDDRDEL.SYSCLK) has no clock, timing propagation is disabled at the pin.
W: STA-3011: Clock pin 'u_ddr3_top/u_ddr3_ip/u_ipsl_hmic_h_phy_top/u_phy_io/iol_iddr35_dut/gateop_inv_IO/TCLK' (gopIOMDDRDEL.TCLK) has no clock, timing propagation is disabled at the pin.
W: STA-3011: Clock pin 'u_ddr3_top/u_ddr3_ip/u_ipsl_hmic_h_phy_top/u_phy_io/iol_iddr36_dut/gateop_inv_IO/ICLK' (gopIOMDDRDEL.ICLK) has no clock, timing propagation is disabled at the pin.
W: STA-3011: Clock pin 'u_ddr3_top/u_ddr3_ip/u_ipsl_hmic_h_phy_top/u_phy_io/iol_iddr36_dut/gateop_inv_IO/SERCLK' (gopIOMDDRDEL.SERCLK) has no clock, timing propagation is disabled at the pin.
W: STA-3011: Clock pin 'u_ddr3_top/u_ddr3_ip/u_ipsl_hmic_h_phy_top/u_phy_io/iol_iddr36_dut/gateop_inv_IO/SYSCLK' (gopIOMDDRDEL.SYSCLK) has no clock, timing propagation is disabled at the pin.
W: STA-3011: Clock pin 'u_ddr3_top/u_ddr3_ip/u_ipsl_hmic_h_phy_top/u_phy_io/iol_iddr36_dut/gateop_inv_IO/TCLK' (gopIOMDDRDEL.TCLK) has no clock, timing propagation is disabled at the pin.
W: Timing-4086: Port 'pad_dq_ch0[0]' is not constrained, it is treated as combinational input.
W: Timing-4087: Port 'pad_dq_ch0[0]' is not constrained, it is treated as combinational output.
W: Timing-4086: Port 'pad_dq_ch0[1]' is not constrained, it is treated as combinational input.
W: Timing-4087: Port 'pad_dq_ch0[1]' is not constrained, it is treated as combinational output.
W: Timing-4086: Port 'pad_dq_ch0[2]' is not constrained, it is treated as combinational input.
W: Timing-4087: Port 'pad_dq_ch0[2]' is not constrained, it is treated as combinational output.
W: Timing-4086: Port 'pad_dq_ch0[3]' is not constrained, it is treated as combinational input.
W: Timing-4087: Port 'pad_dq_ch0[3]' is not constrained, it is treated as combinational output.
W: Timing-4086: Port 'pad_dq_ch0[4]' is not constrained, it is treated as combinational input.
W: Timing-4087: Port 'pad_dq_ch0[4]' is not constrained, it is treated as combinational output.
W: Timing-4086: Port 'pad_dq_ch0[5]' is not constrained, it is treated as combinational input.
W: Timing-4087: Port 'pad_dq_ch0[5]' is not constrained, it is treated as combinational output.
W: Timing-4086: Port 'pad_dq_ch0[6]' is not constrained, it is treated as combinational input.
W: Timing-4087: Port 'pad_dq_ch0[6]' is not constrained, it is treated as combinational output.
W: Timing-4086: Port 'pad_dq_ch0[7]' is not constrained, it is treated as combinational input.
W: Timing-4087: Port 'pad_dq_ch0[7]' is not constrained, it is treated as combinational output.
W: Timing-4086: Port 'pad_dq_ch0[8]' is not constrained, it is treated as combinational input.
W: Timing-4087: Port 'pad_dq_ch0[8]' is not constrained, it is treated as combinational output.
W: Timing-4086: Port 'pad_dq_ch0[9]' is not constrained, it is treated as combinational input.
W: Timing-4087: Port 'pad_dq_ch0[9]' is not constrained, it is treated as combinational output.
W: Timing-4086: Port 'pad_dq_ch0[10]' is not constrained, it is treated as combinational input.
W: Timing-4087: Port 'pad_dq_ch0[10]' is not constrained, it is treated as combinational output.
W: Timing-4086: Port 'pad_dq_ch0[11]' is not constrained, it is treated as combinational input.
W: Timing-4087: Port 'pad_dq_ch0[11]' is not constrained, it is treated as combinational output.
W: Timing-4086: Port 'pad_dq_ch0[12]' is not constrained, it is treated as combinational input.
W: Timing-4087: Port 'pad_dq_ch0[12]' is not constrained, it is treated as combinational output.
W: Timing-4086: Port 'pad_dq_ch0[13]' is not constrained, it is treated as combinational input.
W: Timing-4087: Port 'pad_dq_ch0[13]' is not constrained, it is treated as combinational output.
W: Timing-4086: Port 'pad_dq_ch0[14]' is not constrained, it is treated as combinational input.
W: Timing-4087: Port 'pad_dq_ch0[14]' is not constrained, it is treated as combinational output.
W: Timing-4086: Port 'pad_dq_ch0[15]' is not constrained, it is treated as combinational input.
W: Timing-4087: Port 'pad_dq_ch0[15]' is not constrained, it is treated as combinational output.
W: Timing-4086: Port 'pad_dqs_ch0[0]' is not constrained, it is treated as combinational input.
W: Timing-4087: Port 'pad_dqs_ch0[0]' is not constrained, it is treated as combinational output.
W: Timing-4086: Port 'pad_dqs_ch0[1]' is not constrained, it is treated as combinational input.
W: Timing-4087: Port 'pad_dqs_ch0[1]' is not constrained, it is treated as combinational output.
W: Timing-4086: Port 'pad_dqsn_ch0[0]' is not constrained, it is treated as combinational input.
W: Timing-4087: Port 'pad_dqsn_ch0[0]' is not constrained, it is treated as combinational output.
W: Timing-4086: Port 'pad_dqsn_ch0[1]' is not constrained, it is treated as combinational input.
W: Timing-4087: Port 'pad_dqsn_ch0[1]' is not constrained, it is treated as combinational output.
W: Timing-4087: Port 'led_ddr_init_done' is not constrained, it is treated as combinational output.
W: Timing-4087: Port 'led_error' is not constrained, it is treated as combinational output.
W: Timing-4087: Port 'pad_addr_ch0[0]' is not constrained, it is treated as combinational output.
W: Timing-4087: Port 'pad_addr_ch0[1]' is not constrained, it is treated as combinational output.
W: Timing-4087: Port 'pad_addr_ch0[2]' is not constrained, it is treated as combinational output.
W: Timing-4087: Port 'pad_addr_ch0[3]' is not constrained, it is treated as combinational output.
W: Timing-4087: Port 'pad_addr_ch0[4]' is not constrained, it is treated as combinational output.
W: Timing-4087: Port 'pad_addr_ch0[5]' is not constrained, it is treated as combinational output.
W: Timing-4087: Port 'pad_addr_ch0[6]' is not constrained, it is treated as combinational output.
W: Timing-4087: Port 'pad_addr_ch0[7]' is not constrained, it is treated as combinational output.
W: Timing-4087: Port 'pad_addr_ch0[8]' is not constrained, it is treated as combinational output.
W: Timing-4087: Port 'pad_addr_ch0[9]' is not constrained, it is treated as combinational output.
W: Timing-4087: Port 'pad_addr_ch0[10]' is not constrained, it is treated as combinational output.
W: Timing-4087: Port 'pad_addr_ch0[11]' is not constrained, it is treated as combinational output.
W: Timing-4087: Port 'pad_addr_ch0[12]' is not constrained, it is treated as combinational output.
W: Timing-4087: Port 'pad_addr_ch0[13]' is not constrained, it is treated as combinational output.
W: Timing-4087: Port 'pad_addr_ch0[14]' is not constrained, it is treated as combinational output.
W: Timing-4087: Port 'pad_addr_ch0[15]' is not constrained, it is treated as combinational output.
W: Timing-4087: Port 'pad_ba_ch0[0]' is not constrained, it is treated as combinational output.
W: Timing-4087: Port 'pad_ba_ch0[1]' is not constrained, it is treated as combinational output.
W: Timing-4087: Port 'pad_ba_ch0[2]' is not constrained, it is treated as combinational output.
W: Timing-4087: Port 'pad_casn_ch0' is not constrained, it is treated as combinational output.
W: Timing-4087: Port 'pad_cke_ch0' is not constrained, it is treated as combinational output.
W: Timing-4087: Port 'pad_csn_ch0' is not constrained, it is treated as combinational output.
W: Timing-4087: Port 'pad_ddr_clk_w' is not constrained, it is treated as combinational output.
W: Timing-4087: Port 'pad_ddr_clkn_w' is not constrained, it is treated as combinational output.
W: Timing-4087: Port 'pad_dm_rdqs_ch0[0]' is not constrained, it is treated as combinational output.
W: Timing-4087: Port 'pad_dm_rdqs_ch0[1]' is not constrained, it is treated as combinational output.
W: Timing-4087: Port 'pad_loop_out' is not constrained, it is treated as combinational output.
W: Timing-4087: Port 'pad_loop_out_h' is not constrained, it is treated as combinational output.
W: Timing-4087: Port 'pad_odt_ch0' is not constrained, it is treated as combinational output.
W: Timing-4087: Port 'pad_rasn_ch0' is not constrained, it is treated as combinational output.
W: Timing-4087: Port 'pad_rstn_ch0' is not constrained, it is treated as combinational output.
W: Timing-4087: Port 'pad_wen_ch0' is not constrained, it is treated as combinational output.
W: Timing-4086: Port 'pad_loop_in' is not constrained, it is treated as combinational input.
W: Timing-4086: Port 'pad_loop_in_h' is not constrained, it is treated as combinational input.
W: Timing-4086: Port 'sys_rst_n' is not constrained, it is treated as combinational input.
Report timing is finished successfully.
Action report_timing: Real time elapsed is 6.000 sec
Action report_timing: CPU time elapsed is 4.906 sec
Action report_timing: Process CPU time elapsed is 4.906 sec
Current time: Thu Feb  9 13:10:03 2023
Action report_timing: Peak memory pool usage is 454,197,248 bytes
